<?xml version="1.0" encoding="UTF-8"?>
<coverage generated="1732749899129" clover="3.2.0">
  <project timestamp="1732749899129" name="All files">
    <metrics statements="109" coveredstatements="109" conditionals="18" coveredconditionals="18" methods="45" coveredmethods="45" elements="172" coveredelements="172" complexity="0" loc="109" ncloc="109" packages="4" files="8" classes="8"/>
    <package name="controllers">
      <metrics statements="33" coveredstatements="33" conditionals="0" coveredconditionals="0" methods="12" coveredmethods="12"/>
      <file name="adminController.ts" path="C:\Users\moham\OneDrive\Desktop\SWE Project\code base\back\src\controllers\adminController.ts">
        <metrics statements="13" coveredstatements="13" conditionals="0" coveredconditionals="0" methods="4" coveredmethods="4"/>
        <line num="2" count="1" type="stmt"/>
        <line num="3" count="1" type="stmt"/>
        <line num="6" count="1" type="stmt"/>
        <line num="11" count="3" type="stmt"/>
        <line num="12" count="3" type="stmt"/>
        <line num="21" count="3" type="stmt"/>
        <line num="22" count="2" type="stmt"/>
        <line num="33" count="1" type="stmt"/>
        <line num="38" count="4" type="stmt"/>
        <line num="39" count="4" type="stmt"/>
        <line num="40" count="4" type="stmt"/>
        <line num="45" count="4" type="stmt"/>
        <line num="46" count="3" type="stmt"/>
      </file>
      <file name="profileController.ts" path="C:\Users\moham\OneDrive\Desktop\SWE Project\code base\back\src\controllers\profileController.ts">
        <metrics statements="20" coveredstatements="20" conditionals="0" coveredconditionals="0" methods="8" coveredmethods="8"/>
        <line num="3" count="1" type="stmt"/>
        <line num="4" count="1" type="stmt"/>
        <line num="6" count="1" type="stmt"/>
        <line num="7" count="1" type="stmt"/>
        <line num="8" count="1" type="stmt"/>
        <line num="9" count="1" type="stmt"/>
        <line num="17" count="1" type="stmt"/>
        <line num="18" count="2" type="stmt"/>
        <line num="19" count="2" type="stmt"/>
        <line num="20" count="2" type="stmt"/>
        <line num="21" count="1" type="stmt"/>
        <line num="28" count="1" type="stmt"/>
        <line num="29" count="1" type="stmt"/>
        <line num="30" count="1" type="stmt"/>
        <line num="31" count="1" type="stmt"/>
        <line num="38" count="1" type="stmt"/>
        <line num="39" count="1" type="stmt"/>
        <line num="40" count="1" type="stmt"/>
        <line num="41" count="1" type="stmt"/>
        <line num="45" count="1" type="stmt"/>
      </file>
    </package>
    <package name="repositories">
      <metrics statements="22" coveredstatements="22" conditionals="0" coveredconditionals="0" methods="16" coveredmethods="16"/>
      <file name="adminRepository.ts" path="C:\Users\moham\OneDrive\Desktop\SWE Project\code base\back\src\repositories\adminRepository.ts">
        <metrics statements="13" coveredstatements="13" conditionals="0" coveredconditionals="0" methods="8" coveredmethods="8"/>
        <line num="1" count="3" type="stmt"/>
        <line num="4" count="3" type="stmt"/>
        <line num="14" count="2" type="stmt"/>
        <line num="15" count="2" type="stmt"/>
        <line num="29" count="3" type="stmt"/>
        <line num="35" count="2" type="stmt"/>
        <line num="36" count="2" type="stmt"/>
        <line num="47" count="3" type="stmt"/>
        <line num="49" count="2" type="stmt"/>
        <line num="50" count="2" type="stmt"/>
        <line num="59" count="3" type="stmt"/>
        <line num="66" count="2" type="stmt"/>
        <line num="67" count="2" type="stmt"/>
      </file>
      <file name="profileRepository.ts" path="C:\Users\moham\OneDrive\Desktop\SWE Project\code base\back\src\repositories\profileRepository.ts">
        <metrics statements="9" coveredstatements="9" conditionals="0" coveredconditionals="0" methods="8" coveredmethods="8"/>
        <line num="2" count="3" type="stmt"/>
        <line num="4" count="3" type="stmt"/>
        <line num="5" count="1" type="stmt"/>
        <line num="8" count="3" type="stmt"/>
        <line num="9" count="1" type="stmt"/>
        <line num="30" count="3" type="stmt"/>
        <line num="31" count="1" type="stmt"/>
        <line num="36" count="3" type="stmt"/>
        <line num="37" count="1" type="stmt"/>
      </file>
    </package>
    <package name="services">
      <metrics statements="49" coveredstatements="49" conditionals="18" coveredconditionals="18" methods="14" coveredmethods="14"/>
      <file name="adminService.ts" path="C:\Users\moham\OneDrive\Desktop\SWE Project\code base\back\src\services\adminService.ts">
        <metrics statements="21" coveredstatements="21" conditionals="4" coveredconditionals="4" methods="4" coveredmethods="4"/>
        <line num="1" count="2" type="stmt"/>
        <line num="2" count="2" type="stmt"/>
        <line num="5" count="2" type="stmt"/>
        <line num="17" count="3" type="stmt"/>
        <line num="19" count="3" type="stmt"/>
        <line num="21" count="3" type="cond" truecount="1" falsecount="0"/>
        <line num="22" count="1" type="stmt"/>
        <line num="33" count="2" type="stmt"/>
        <line num="35" count="2" type="cond" truecount="1" falsecount="0"/>
        <line num="36" count="1" type="stmt"/>
        <line num="39" count="1" type="stmt"/>
        <line num="43" count="2" type="stmt"/>
        <line num="50" count="5" type="stmt"/>
        <line num="52" count="5" type="stmt"/>
        <line num="54" count="5" type="cond" truecount="1" falsecount="0"/>
        <line num="55" count="1" type="stmt"/>
        <line num="62" count="4" type="stmt"/>
        <line num="64" count="4" type="cond" truecount="1" falsecount="0"/>
        <line num="65" count="1" type="stmt"/>
        <line num="72" count="3" type="stmt"/>
        <line num="74" count="2" type="stmt"/>
      </file>
      <file name="profileService.ts" path="C:\Users\moham\OneDrive\Desktop\SWE Project\code base\back\src\services\profileService.ts">
        <metrics statements="28" coveredstatements="28" conditionals="14" coveredconditionals="14" methods="10" coveredmethods="10"/>
        <line num="2" count="2" type="stmt"/>
        <line num="3" count="2" type="stmt"/>
        <line num="9" count="2" type="stmt"/>
        <line num="10" count="6" type="stmt"/>
        <line num="11" count="6" type="stmt"/>
        <line num="14" count="2" type="stmt"/>
        <line num="15" count="4" type="stmt"/>
        <line num="16" count="4" type="stmt"/>
        <line num="19" count="2" type="stmt"/>
        <line num="20" count="1" type="stmt"/>
        <line num="23" count="2" type="stmt"/>
        <line num="24" count="2" type="stmt"/>
        <line num="25" count="2" type="cond" truecount="1" falsecount="0"/>
        <line num="26" count="1" type="stmt"/>
        <line num="29" count="3" type="stmt"/>
        <line num="30" count="3" type="cond" truecount="3" falsecount="0"/>
        <line num="31" count="1" type="stmt"/>
        <line num="33" count="2" type="cond" truecount="3" falsecount="0"/>
        <line num="34" count="1" type="stmt"/>
        <line num="39" count="1" type="stmt"/>
        <line num="42" count="4" type="stmt"/>
        <line num="43" count="4" type="cond" truecount="3" falsecount="0"/>
        <line num="44" count="1" type="stmt"/>
        <line num="46" count="3" type="cond" truecount="3" falsecount="0"/>
        <line num="47" count="1" type="stmt"/>
        <line num="50" count="2" type="stmt"/>
        <line num="51" count="2" type="cond" truecount="1" falsecount="0"/>
        <line num="52" count="1" type="stmt"/>
      </file>
    </package>
    <package name="utility">
      <metrics statements="5" coveredstatements="5" conditionals="0" coveredconditionals="0" methods="3" coveredmethods="3"/>
      <file name="CatchAsync.ts" path="C:\Users\moham\OneDrive\Desktop\SWE Project\code base\back\src\utility\CatchAsync.ts">
        <metrics statements="3" coveredstatements="3" conditionals="0" coveredconditionals="0" methods="3" coveredmethods="3"/>
        <line num="3" count="6" type="stmt"/>
        <line num="6" count="14" type="stmt"/>
        <line num="7" count="14" type="stmt"/>
      </file>
      <file name="index.ts" path="C:\Users\moham\OneDrive\Desktop\SWE Project\code base\back\src\utility\index.ts">
        <metrics statements="2" coveredstatements="2" conditionals="0" coveredconditionals="0" methods="0" coveredmethods="0"/>
        <line num="1" count="6" type="stmt"/>
        <line num="2" count="6" type="stmt"/>
      </file>
    </package>
  </project>
</coverage>
