{"/home/abdelarhamn/Documents/projects/telegram-project/back/src/config/firebase.ts": {"path":"/home/abdelarhamn/Documents/projects/telegram-project/back/src/config/firebase.ts","statementMap":{"0":{"start":{"line":1,"column":0},"end":{"line":1,"column":45}},"1":{"start":{"line":2,"column":0},"end":{"line":2,"column":null}},"2":{"start":{"line":10,"column":23},"end":{"line":18,"column":2}},"3":{"start":{"line":21,"column":12},"end":{"line":21,"column":41}},"4":{"start":{"line":22,"column":16},"end":{"line":22,"column":31}},"5":{"start":{"line":24,"column":9},"end":{"line":24,"column":16}}},"fnMap":{},"branchMap":{},"s":{"0":1,"1":1,"2":1,"3":1,"4":1,"5":1},"f":{},"b":{}}
,"/home/abdelarhamn/Documents/projects/telegram-project/back/src/config/index.ts": {"path":"/home/abdelarhamn/Documents/projects/telegram-project/back/src/config/index.ts","statementMap":{"0":{"start":{"line":2,"column":0},"end":{"line":2,"column":27}}},"fnMap":{},"branchMap":{},"s":{"0":1},"f":{},"b":{}}
,"/home/abdelarhamn/Documents/projects/telegram-project/back/src/repositories/adminRepository.ts": {"path":"/home/abdelarhamn/Documents/projects/telegram-project/back/src/repositories/adminRepository.ts","statementMap":{"0":{"start":{"line":1,"column":0},"end":{"line":1,"column":38}},"1":{"start":{"line":4,"column":27},"end":{"line":26,"column":2}},"2":{"start":{"line":14,"column":4},"end":{"line":26,"column":2}},"3":{"start":{"line":15,"column":2},"end":{"line":25,"column":5}},"4":{"start":{"line":4,"column":13},"end":{"line":4,"column":27}},"5":{"start":{"line":29,"column":28},"end":{"line":44,"column":2}},"6":{"start":{"line":35,"column":12},"end":{"line":44,"column":2}},"7":{"start":{"line":36,"column":2},"end":{"line":43,"column":5}},"8":{"start":{"line":29,"column":13},"end":{"line":29,"column":28}},"9":{"start":{"line":47,"column":29},"end":{"line":56,"column":2}},"10":{"start":{"line":49,"column":36},"end":{"line":56,"column":2}},"11":{"start":{"line":50,"column":2},"end":{"line":55,"column":5}},"12":{"start":{"line":47,"column":13},"end":{"line":47,"column":29}},"13":{"start":{"line":59,"column":32},"end":{"line":76,"column":2}},"14":{"start":{"line":66,"column":12},"end":{"line":76,"column":2}},"15":{"start":{"line":67,"column":2},"end":{"line":75,"column":5}},"16":{"start":{"line":59,"column":13},"end":{"line":59,"column":32}}},"fnMap":{"0":{"name":"(anonymous_8)","decl":{"start":{"line":4,"column":27},"end":{"line":4,"column":null}},"loc":{"start":{"line":14,"column":4},"end":{"line":26,"column":2}}},"1":{"name":"(anonymous_9)","decl":{"start":{"line":14,"column":4},"end":{"line":14,"column":null}},"loc":{"start":{"line":14,"column":4},"end":{"line":26,"column":1}}},"2":{"name":"(anonymous_10)","decl":{"start":{"line":29,"column":28},"end":{"line":29,"column":null}},"loc":{"start":{"line":35,"column":12},"end":{"line":44,"column":2}}},"3":{"name":"(anonymous_11)","decl":{"start":{"line":35,"column":12},"end":{"line":35,"column":null}},"loc":{"start":{"line":35,"column":12},"end":{"line":44,"column":1}}},"4":{"name":"(anonymous_12)","decl":{"start":{"line":47,"column":29},"end":{"line":47,"column":null}},"loc":{"start":{"line":49,"column":36},"end":{"line":56,"column":2}}},"5":{"name":"(anonymous_13)","decl":{"start":{"line":49,"column":36},"end":{"line":49,"column":null}},"loc":{"start":{"line":49,"column":36},"end":{"line":56,"column":1}}},"6":{"name":"(anonymous_14)","decl":{"start":{"line":59,"column":32},"end":{"line":59,"column":null}},"loc":{"start":{"line":66,"column":12},"end":{"line":76,"column":2}}},"7":{"name":"(anonymous_15)","decl":{"start":{"line":66,"column":12},"end":{"line":66,"column":null}},"loc":{"start":{"line":66,"column":12},"end":{"line":76,"column":1}}}},"branchMap":{},"s":{"0":3,"1":3,"2":0,"3":0,"4":3,"5":3,"6":0,"7":0,"8":3,"9":3,"10":0,"11":0,"12":3,"13":3,"14":0,"15":0,"16":3},"f":{"0":0,"1":0,"2":0,"3":0,"4":0,"5":0,"6":0,"7":0},"b":{}}
,"/home/abdelarhamn/Documents/projects/telegram-project/back/src/repositories/channelMemberRepository.ts": {"path":"/home/abdelarhamn/Documents/projects/telegram-project/back/src/repositories/channelMemberRepository.ts","statementMap":{"0":{"start":{"line":1,"column":0},"end":{"line":1,"column":38}},"1":{"start":{"line":5,"column":33},"end":{"line":18,"column":2}},"2":{"start":{"line":5,"column":77},"end":{"line":18,"column":2}},"3":{"start":{"line":6,"column":2},"end":{"line":17,"column":5}},"4":{"start":{"line":5,"column":13},"end":{"line":5,"column":33}},"5":{"start":{"line":20,"column":34},"end":{"line":39,"column":2}},"6":{"start":{"line":20,"column":62},"end":{"line":39,"column":2}},"7":{"start":{"line":21,"column":2},"end":{"line":38,"column":5}},"8":{"start":{"line":20,"column":13},"end":{"line":20,"column":34}},"9":{"start":{"line":41,"column":34},"end":{"line":55,"column":2}},"10":{"start":{"line":41,"column":78},"end":{"line":55,"column":2}},"11":{"start":{"line":42,"column":2},"end":{"line":54,"column":5}},"12":{"start":{"line":41,"column":13},"end":{"line":41,"column":34}},"13":{"start":{"line":57,"column":32},"end":{"line":70,"column":2}},"14":{"start":{"line":61,"column":5},"end":{"line":70,"column":2}},"15":{"start":{"line":62,"column":2},"end":{"line":69,"column":5}},"16":{"start":{"line":57,"column":13},"end":{"line":57,"column":32}},"17":{"start":{"line":72,"column":41},"end":{"line":86,"column":2}},"18":{"start":{"line":76,"column":4},"end":{"line":86,"column":2}},"19":{"start":{"line":77,"column":2},"end":{"line":85,"column":5}},"20":{"start":{"line":72,"column":13},"end":{"line":72,"column":41}},"21":{"start":{"line":88,"column":39},"end":{"line":102,"column":2}},"22":{"start":{"line":92,"column":4},"end":{"line":102,"column":2}},"23":{"start":{"line":93,"column":2},"end":{"line":101,"column":5}},"24":{"start":{"line":88,"column":13},"end":{"line":88,"column":39}},"25":{"start":{"line":103,"column":47},"end":{"line":112,"column":2}},"26":{"start":{"line":105,"column":4},"end":{"line":112,"column":2}},"27":{"start":{"line":106,"column":2},"end":{"line":111,"column":5}},"28":{"start":{"line":103,"column":13},"end":{"line":103,"column":47}}},"fnMap":{"0":{"name":"(anonymous_8)","decl":{"start":{"line":5,"column":33},"end":{"line":5,"column":40}},"loc":{"start":{"line":5,"column":77},"end":{"line":18,"column":2}}},"1":{"name":"(anonymous_9)","decl":{"start":{"line":5,"column":77},"end":{"line":5,"column":null}},"loc":{"start":{"line":5,"column":77},"end":{"line":18,"column":1}}},"2":{"name":"(anonymous_10)","decl":{"start":{"line":20,"column":34},"end":{"line":20,"column":41}},"loc":{"start":{"line":20,"column":62},"end":{"line":39,"column":2}}},"3":{"name":"(anonymous_11)","decl":{"start":{"line":20,"column":62},"end":{"line":20,"column":null}},"loc":{"start":{"line":20,"column":62},"end":{"line":39,"column":1}}},"4":{"name":"(anonymous_12)","decl":{"start":{"line":41,"column":34},"end":{"line":41,"column":41}},"loc":{"start":{"line":41,"column":78},"end":{"line":55,"column":2}}},"5":{"name":"(anonymous_13)","decl":{"start":{"line":41,"column":78},"end":{"line":41,"column":null}},"loc":{"start":{"line":41,"column":78},"end":{"line":55,"column":1}}},"6":{"name":"(anonymous_14)","decl":{"start":{"line":57,"column":32},"end":{"line":57,"column":39}},"loc":{"start":{"line":61,"column":5},"end":{"line":70,"column":2}}},"7":{"name":"(anonymous_15)","decl":{"start":{"line":61,"column":5},"end":{"line":61,"column":null}},"loc":{"start":{"line":61,"column":5},"end":{"line":70,"column":1}}},"8":{"name":"(anonymous_16)","decl":{"start":{"line":72,"column":41},"end":{"line":72,"column":null}},"loc":{"start":{"line":76,"column":4},"end":{"line":86,"column":2}}},"9":{"name":"(anonymous_17)","decl":{"start":{"line":76,"column":4},"end":{"line":76,"column":null}},"loc":{"start":{"line":76,"column":4},"end":{"line":86,"column":1}}},"10":{"name":"(anonymous_18)","decl":{"start":{"line":88,"column":39},"end":{"line":88,"column":null}},"loc":{"start":{"line":92,"column":4},"end":{"line":102,"column":2}}},"11":{"name":"(anonymous_19)","decl":{"start":{"line":92,"column":4},"end":{"line":92,"column":null}},"loc":{"start":{"line":92,"column":4},"end":{"line":102,"column":1}}},"12":{"name":"(anonymous_20)","decl":{"start":{"line":103,"column":47},"end":{"line":103,"column":null}},"loc":{"start":{"line":105,"column":4},"end":{"line":112,"column":2}}},"13":{"name":"(anonymous_21)","decl":{"start":{"line":105,"column":4},"end":{"line":105,"column":null}},"loc":{"start":{"line":105,"column":4},"end":{"line":112,"column":1}}}},"branchMap":{},"s":{"0":3,"1":3,"2":0,"3":0,"4":3,"5":3,"6":0,"7":0,"8":3,"9":3,"10":0,"11":0,"12":3,"13":3,"14":0,"15":0,"16":3,"17":3,"18":0,"19":0,"20":3,"21":3,"22":0,"23":0,"24":3,"25":3,"26":0,"27":0,"28":3},"f":{"0":0,"1":0,"2":0,"3":0,"4":0,"5":0,"6":0,"7":0,"8":0,"9":0,"10":0,"11":0,"12":0,"13":0},"b":{}}
,"/home/abdelarhamn/Documents/projects/telegram-project/back/src/repositories/channelRepository.ts": {"path":"/home/abdelarhamn/Documents/projects/telegram-project/back/src/repositories/channelRepository.ts","statementMap":{"0":{"start":{"line":1,"column":0},"end":{"line":1,"column":42}},"1":{"start":{"line":2,"column":0},"end":{"line":2,"column":38}},"2":{"start":{"line":3,"column":0},"end":{"line":3,"column":51}},"3":{"start":{"line":5,"column":31},"end":{"line":23,"column":2}},"4":{"start":{"line":5,"column":42},"end":{"line":23,"column":2}},"5":{"start":{"line":6,"column":2},"end":{"line":22,"column":5}},"6":{"start":{"line":5,"column":13},"end":{"line":5,"column":31}},"7":{"start":{"line":25,"column":31},"end":{"line":58,"column":2}},"8":{"start":{"line":31,"column":5},"end":{"line":58,"column":2}},"9":{"start":{"line":36,"column":13},"end":{"line":51,"column":4}},"10":{"start":{"line":53,"column":2},"end":{"line":55,"column":3}},"11":{"start":{"line":54,"column":4},"end":{"line":54,"column":61}},"12":{"start":{"line":57,"column":2},"end":{"line":57,"column":17}},"13":{"start":{"line":25,"column":13},"end":{"line":25,"column":31}},"14":{"start":{"line":60,"column":29},"end":{"line":116,"column":2}},"15":{"start":{"line":66,"column":5},"end":{"line":116,"column":2}},"16":{"start":{"line":67,"column":24},"end":{"line":67,"column":26}},"17":{"start":{"line":68,"column":2},"end":{"line":70,"column":3}},"18":{"start":{"line":69,"column":4},"end":{"line":69,"column":35}},"19":{"start":{"line":71,"column":2},"end":{"line":74,"column":3}},"20":{"start":{"line":72,"column":4},"end":{"line":72,"column":33}},"21":{"start":{"line":72,"column":17},"end":{"line":72,"column":33}},"22":{"start":{"line":73,"column":4},"end":{"line":73,"column":36}},"23":{"start":{"line":75,"column":2},"end":{"line":77,"column":3}},"24":{"start":{"line":76,"column":4},"end":{"line":76,"column":42}},"25":{"start":{"line":84,"column":6},"end":{"line":90,"column":4}},"26":{"start":{"line":91,"column":2},"end":{"line":96,"column":5}},"27":{"start":{"line":98,"column":18},"end":{"line":114,"column":4}},"28":{"start":{"line":115,"column":2},"end":{"line":115,"column":17}},"29":{"start":{"line":60,"column":13},"end":{"line":60,"column":29}},"30":{"start":{"line":118,"column":29},"end":{"line":166,"column":2}},"31":{"start":{"line":121,"column":4},"end":{"line":166,"column":2}},"32":{"start":{"line":122,"column":2},"end":{"line":124,"column":3}},"33":{"start":{"line":123,"column":4},"end":{"line":123,"column":49}},"34":{"start":{"line":128,"column":13},"end":{"line":140,"column":4}},"35":{"start":{"line":142,"column":2},"end":{"line":144,"column":3}},"36":{"start":{"line":143,"column":4},"end":{"line":143,"column":61}},"37":{"start":{"line":146,"column":2},"end":{"line":154,"column":3}},"38":{"start":{"line":147,"column":4},"end":{"line":153,"column":7}},"39":{"start":{"line":156,"column":2},"end":{"line":163,"column":3}},"40":{"start":{"line":157,"column":4},"end":{"line":162,"column":7}},"41":{"start":{"line":165,"column":2},"end":{"line":165,"column":42}},"42":{"start":{"line":118,"column":13},"end":{"line":118,"column":29}},"43":{"start":{"line":168,"column":29},"end":{"line":196,"column":2}},"44":{"start":{"line":170,"column":38},"end":{"line":196,"column":2}},"45":{"start":{"line":174,"column":13},"end":{"line":184,"column":4}},"46":{"start":{"line":186,"column":2},"end":{"line":188,"column":3}},"47":{"start":{"line":187,"column":4},"end":{"line":187,"column":61}},"48":{"start":{"line":190,"column":2},"end":{"line":193,"column":5}},"49":{"start":{"line":195,"column":2},"end":{"line":195,"column":17}},"50":{"start":{"line":168,"column":13},"end":{"line":168,"column":29}}},"fnMap":{"0":{"name":"(anonymous_7)","decl":{"start":{"line":5,"column":31},"end":{"line":5,"column":40}},"loc":{"start":{"line":5,"column":42},"end":{"line":23,"column":2}}},"1":{"name":"(anonymous_8)","decl":{"start":{"line":5,"column":42},"end":{"line":5,"column":null}},"loc":{"start":{"line":5,"column":42},"end":{"line":23,"column":1}}},"2":{"name":"(anonymous_9)","decl":{"start":{"line":25,"column":31},"end":{"line":25,"column":null}},"loc":{"start":{"line":31,"column":5},"end":{"line":58,"column":2}}},"3":{"name":"(anonymous_10)","decl":{"start":{"line":31,"column":5},"end":{"line":31,"column":null}},"loc":{"start":{"line":31,"column":5},"end":{"line":58,"column":1}}},"4":{"name":"(anonymous_11)","decl":{"start":{"line":60,"column":29},"end":{"line":60,"column":36}},"loc":{"start":{"line":66,"column":5},"end":{"line":116,"column":2}}},"5":{"name":"(anonymous_12)","decl":{"start":{"line":66,"column":5},"end":{"line":66,"column":null}},"loc":{"start":{"line":66,"column":5},"end":{"line":116,"column":1}}},"6":{"name":"(anonymous_13)","decl":{"start":{"line":118,"column":29},"end":{"line":118,"column":null}},"loc":{"start":{"line":121,"column":4},"end":{"line":166,"column":2}}},"7":{"name":"(anonymous_14)","decl":{"start":{"line":121,"column":4},"end":{"line":121,"column":null}},"loc":{"start":{"line":121,"column":4},"end":{"line":166,"column":1}}},"8":{"name":"(anonymous_15)","decl":{"start":{"line":168,"column":29},"end":{"line":168,"column":null}},"loc":{"start":{"line":170,"column":38},"end":{"line":196,"column":2}}},"9":{"name":"(anonymous_16)","decl":{"start":{"line":170,"column":38},"end":{"line":170,"column":null}},"loc":{"start":{"line":170,"column":38},"end":{"line":196,"column":1}}}},"branchMap":{"0":{"loc":{"start":{"line":53,"column":2},"end":{"line":55,"column":3}},"type":"if","locations":[{"start":{"line":53,"column":2},"end":{"line":55,"column":3}}]},"1":{"loc":{"start":{"line":53,"column":6},"end":{"line":53,"column":43}},"type":"binary-expr","locations":[{"start":{"line":53,"column":6},"end":{"line":53,"column":14}},{"start":{"line":53,"column":18},"end":{"line":53,"column":43}}]},"2":{"loc":{"start":{"line":68,"column":2},"end":{"line":70,"column":3}},"type":"if","locations":[{"start":{"line":68,"column":2},"end":{"line":70,"column":3}}]},"3":{"loc":{"start":{"line":71,"column":2},"end":{"line":74,"column":3}},"type":"if","locations":[{"start":{"line":71,"column":2},"end":{"line":74,"column":3}}]},"4":{"loc":{"start":{"line":72,"column":4},"end":{"line":72,"column":33}},"type":"if","locations":[{"start":{"line":72,"column":4},"end":{"line":72,"column":33}}]},"5":{"loc":{"start":{"line":75,"column":2},"end":{"line":77,"column":3}},"type":"if","locations":[{"start":{"line":75,"column":2},"end":{"line":77,"column":3}}]},"6":{"loc":{"start":{"line":122,"column":2},"end":{"line":124,"column":3}},"type":"if","locations":[{"start":{"line":122,"column":2},"end":{"line":124,"column":3}}]},"7":{"loc":{"start":{"line":122,"column":6},"end":{"line":122,"column":57}},"type":"binary-expr","locations":[{"start":{"line":122,"column":6},"end":{"line":122,"column":16}},{"start":{"line":122,"column":20},"end":{"line":122,"column":33}},{"start":{"line":122,"column":37},"end":{"line":122,"column":57}}]},"8":{"loc":{"start":{"line":142,"column":2},"end":{"line":144,"column":3}},"type":"if","locations":[{"start":{"line":142,"column":2},"end":{"line":144,"column":3}}]},"9":{"loc":{"start":{"line":142,"column":6},"end":{"line":142,"column":43}},"type":"binary-expr","locations":[{"start":{"line":142,"column":6},"end":{"line":142,"column":14}},{"start":{"line":142,"column":18},"end":{"line":142,"column":43}}]},"10":{"loc":{"start":{"line":146,"column":2},"end":{"line":154,"column":3}},"type":"if","locations":[{"start":{"line":146,"column":2},"end":{"line":154,"column":3}}]},"11":{"loc":{"start":{"line":146,"column":6},"end":{"line":146,"column":31}},"type":"binary-expr","locations":[{"start":{"line":146,"column":6},"end":{"line":146,"column":15}},{"start":{"line":146,"column":19},"end":{"line":146,"column":31}}]},"12":{"loc":{"start":{"line":156,"column":2},"end":{"line":163,"column":3}},"type":"if","locations":[{"start":{"line":156,"column":2},"end":{"line":163,"column":3}}]},"13":{"loc":{"start":{"line":186,"column":2},"end":{"line":188,"column":3}},"type":"if","locations":[{"start":{"line":186,"column":2},"end":{"line":188,"column":3}}]},"14":{"loc":{"start":{"line":186,"column":6},"end":{"line":186,"column":43}},"type":"binary-expr","locations":[{"start":{"line":186,"column":6},"end":{"line":186,"column":14}},{"start":{"line":186,"column":18},"end":{"line":186,"column":43}}]}},"s":{"0":3,"1":3,"2":3,"3":3,"4":0,"5":0,"6":3,"7":3,"8":0,"9":0,"10":0,"11":0,"12":0,"13":3,"14":3,"15":0,"16":0,"17":0,"18":0,"19":0,"20":0,"21":0,"22":0,"23":0,"24":0,"25":0,"26":0,"27":0,"28":0,"29":3,"30":3,"31":0,"32":0,"33":0,"34":0,"35":0,"36":0,"37":0,"38":0,"39":0,"40":0,"41":0,"42":3,"43":3,"44":0,"45":0,"46":0,"47":0,"48":0,"49":0,"50":3},"f":{"0":0,"1":0,"2":0,"3":0,"4":0,"5":0,"6":0,"7":0,"8":0,"9":0},"b":{"0":[0],"1":[0,0],"2":[0],"3":[0],"4":[0],"5":[0],"6":[0],"7":[0,0,0],"8":[0],"9":[0,0],"10":[0],"11":[0,0],"12":[0],"13":[0],"14":[0,0]}}
,"/home/abdelarhamn/Documents/projects/telegram-project/back/src/repositories/groupMemberRepository.ts": {"path":"/home/abdelarhamn/Documents/projects/telegram-project/back/src/repositories/groupMemberRepository.ts","statementMap":{"0":{"start":{"line":1,"column":0},"end":{"line":1,"column":38}},"1":{"start":{"line":5,"column":31},"end":{"line":21,"column":2}},"2":{"start":{"line":5,"column":57},"end":{"line":21,"column":2}},"3":{"start":{"line":6,"column":46},"end":{"line":11,"column":4}},"4":{"start":{"line":12,"column":24},"end":{"line":19,"column":4}},"5":{"start":{"line":20,"column":2},"end":{"line":20,"column":36}},"6":{"start":{"line":5,"column":13},"end":{"line":5,"column":31}},"7":{"start":{"line":23,"column":31},"end":{"line":36,"column":2}},"8":{"start":{"line":23,"column":73},"end":{"line":36,"column":2}},"9":{"start":{"line":24,"column":2},"end":{"line":35,"column":5}},"10":{"start":{"line":23,"column":13},"end":{"line":23,"column":31}},"11":{"start":{"line":38,"column":32},"end":{"line":58,"column":2}},"12":{"start":{"line":38,"column":58},"end":{"line":58,"column":2}},"13":{"start":{"line":39,"column":2},"end":{"line":57,"column":5}},"14":{"start":{"line":38,"column":13},"end":{"line":38,"column":32}},"15":{"start":{"line":60,"column":34},"end":{"line":75,"column":2}},"16":{"start":{"line":60,"column":78},"end":{"line":75,"column":2}},"17":{"start":{"line":61,"column":2},"end":{"line":74,"column":5}},"18":{"start":{"line":60,"column":13},"end":{"line":60,"column":34}},"19":{"start":{"line":77,"column":30},"end":{"line":90,"column":2}},"20":{"start":{"line":81,"column":5},"end":{"line":90,"column":2}},"21":{"start":{"line":82,"column":2},"end":{"line":89,"column":5}},"22":{"start":{"line":77,"column":13},"end":{"line":77,"column":30}},"23":{"start":{"line":92,"column":39},"end":{"line":106,"column":2}},"24":{"start":{"line":96,"column":4},"end":{"line":106,"column":2}},"25":{"start":{"line":97,"column":2},"end":{"line":105,"column":5}},"26":{"start":{"line":92,"column":13},"end":{"line":92,"column":39}},"27":{"start":{"line":108,"column":37},"end":{"line":122,"column":2}},"28":{"start":{"line":112,"column":4},"end":{"line":122,"column":2}},"29":{"start":{"line":113,"column":2},"end":{"line":121,"column":5}},"30":{"start":{"line":108,"column":13},"end":{"line":108,"column":37}},"31":{"start":{"line":124,"column":45},"end":{"line":131,"column":2}},"32":{"start":{"line":124,"column":78},"end":{"line":131,"column":2}},"33":{"start":{"line":125,"column":2},"end":{"line":130,"column":5}},"34":{"start":{"line":124,"column":13},"end":{"line":124,"column":45}}},"fnMap":{"0":{"name":"(anonymous_8)","decl":{"start":{"line":5,"column":31},"end":{"line":5,"column":38}},"loc":{"start":{"line":5,"column":57},"end":{"line":21,"column":2}}},"1":{"name":"(anonymous_9)","decl":{"start":{"line":5,"column":57},"end":{"line":5,"column":null}},"loc":{"start":{"line":5,"column":57},"end":{"line":21,"column":1}}},"2":{"name":"(anonymous_10)","decl":{"start":{"line":23,"column":31},"end":{"line":23,"column":38}},"loc":{"start":{"line":23,"column":73},"end":{"line":36,"column":2}}},"3":{"name":"(anonymous_11)","decl":{"start":{"line":23,"column":73},"end":{"line":23,"column":null}},"loc":{"start":{"line":23,"column":73},"end":{"line":36,"column":1}}},"4":{"name":"(anonymous_12)","decl":{"start":{"line":38,"column":32},"end":{"line":38,"column":39}},"loc":{"start":{"line":38,"column":58},"end":{"line":58,"column":2}}},"5":{"name":"(anonymous_13)","decl":{"start":{"line":38,"column":58},"end":{"line":38,"column":null}},"loc":{"start":{"line":38,"column":58},"end":{"line":58,"column":1}}},"6":{"name":"(anonymous_14)","decl":{"start":{"line":60,"column":34},"end":{"line":60,"column":41}},"loc":{"start":{"line":60,"column":78},"end":{"line":75,"column":2}}},"7":{"name":"(anonymous_15)","decl":{"start":{"line":60,"column":78},"end":{"line":60,"column":null}},"loc":{"start":{"line":60,"column":78},"end":{"line":75,"column":1}}},"8":{"name":"(anonymous_16)","decl":{"start":{"line":77,"column":30},"end":{"line":77,"column":37}},"loc":{"start":{"line":81,"column":5},"end":{"line":90,"column":2}}},"9":{"name":"(anonymous_17)","decl":{"start":{"line":81,"column":5},"end":{"line":81,"column":null}},"loc":{"start":{"line":81,"column":5},"end":{"line":90,"column":1}}},"10":{"name":"(anonymous_18)","decl":{"start":{"line":92,"column":39},"end":{"line":92,"column":null}},"loc":{"start":{"line":96,"column":4},"end":{"line":106,"column":2}}},"11":{"name":"(anonymous_19)","decl":{"start":{"line":96,"column":4},"end":{"line":96,"column":null}},"loc":{"start":{"line":96,"column":4},"end":{"line":106,"column":1}}},"12":{"name":"(anonymous_20)","decl":{"start":{"line":108,"column":37},"end":{"line":108,"column":null}},"loc":{"start":{"line":112,"column":4},"end":{"line":122,"column":2}}},"13":{"name":"(anonymous_21)","decl":{"start":{"line":112,"column":4},"end":{"line":112,"column":null}},"loc":{"start":{"line":112,"column":4},"end":{"line":122,"column":1}}},"14":{"name":"(anonymous_22)","decl":{"start":{"line":124,"column":45},"end":{"line":124,"column":52}},"loc":{"start":{"line":124,"column":78},"end":{"line":131,"column":2}}},"15":{"name":"(anonymous_23)","decl":{"start":{"line":124,"column":78},"end":{"line":124,"column":null}},"loc":{"start":{"line":124,"column":78},"end":{"line":131,"column":1}}}},"branchMap":{"0":{"loc":{"start":{"line":20,"column":19},"end":{"line":20,"column":35}},"type":"cond-expr","locations":[{"start":{"line":20,"column":24},"end":{"line":20,"column":26}},{"start":{"line":20,"column":19},"end":{"line":20,"column":35}}]},"1":{"loc":{"start":{"line":20,"column":19},"end":{"line":20,"column":26}},"type":"binary-expr","locations":[{"start":{"line":20,"column":19},"end":{"line":20,"column":26}},{"start":{"line":20,"column":19},"end":{"line":20,"column":26}}]}},"s":{"0":3,"1":3,"2":0,"3":0,"4":0,"5":0,"6":3,"7":3,"8":0,"9":0,"10":3,"11":3,"12":0,"13":0,"14":3,"15":3,"16":0,"17":0,"18":3,"19":3,"20":0,"21":0,"22":3,"23":3,"24":0,"25":0,"26":3,"27":3,"28":0,"29":0,"30":3,"31":3,"32":0,"33":0,"34":3},"f":{"0":0,"1":0,"2":0,"3":0,"4":0,"5":0,"6":0,"7":0,"8":0,"9":0,"10":0,"11":0,"12":0,"13":0,"14":0,"15":0},"b":{"0":[0,0],"1":[0,0]}}
,"/home/abdelarhamn/Documents/projects/telegram-project/back/src/repositories/groupRepository.ts": {"path":"/home/abdelarhamn/Documents/projects/telegram-project/back/src/repositories/groupRepository.ts","statementMap":{"0":{"start":{"line":1,"column":0},"end":{"line":1,"column":42}},"1":{"start":{"line":2,"column":0},"end":{"line":2,"column":38}},"2":{"start":{"line":3,"column":0},"end":{"line":3,"column":51}},"3":{"start":{"line":5,"column":29},"end":{"line":61,"column":2}},"4":{"start":{"line":12,"column":4},"end":{"line":61,"column":2}},"5":{"start":{"line":18,"column":8},"end":{"line":34,"column":4}},"6":{"start":{"line":38,"column":4},"end":{"line":42,"column":6}},"7":{"start":{"line":45,"column":40},"end":{"line":46,"column":null}},"8":{"start":{"line":46,"column":28},"end":{"line":46,"column":42}},"9":{"start":{"line":55,"column":8},"end":{"line":58,"column":5}},"10":{"start":{"line":55,"column":30},"end":{"line":57,"column":null}},"11":{"start":{"line":60,"column":2},"end":{"line":60,"column":26}},"12":{"start":{"line":5,"column":13},"end":{"line":5,"column":29}},"13":{"start":{"line":63,"column":29},"end":{"line":96,"column":2}},"14":{"start":{"line":69,"column":5},"end":{"line":96,"column":2}},"15":{"start":{"line":74,"column":13},"end":{"line":89,"column":4}},"16":{"start":{"line":91,"column":2},"end":{"line":93,"column":3}},"17":{"start":{"line":92,"column":4},"end":{"line":92,"column":59}},"18":{"start":{"line":95,"column":2},"end":{"line":95,"column":15}},"19":{"start":{"line":63,"column":13},"end":{"line":63,"column":29}},"20":{"start":{"line":98,"column":27},"end":{"line":163,"column":2}},"21":{"start":{"line":104,"column":5},"end":{"line":163,"column":2}},"22":{"start":{"line":105,"column":24},"end":{"line":105,"column":26}},"23":{"start":{"line":106,"column":2},"end":{"line":108,"column":3}},"24":{"start":{"line":107,"column":4},"end":{"line":107,"column":35}},"25":{"start":{"line":109,"column":2},"end":{"line":112,"column":3}},"26":{"start":{"line":110,"column":4},"end":{"line":110,"column":33}},"27":{"start":{"line":110,"column":17},"end":{"line":110,"column":33}},"28":{"start":{"line":111,"column":4},"end":{"line":111,"column":36}},"29":{"start":{"line":113,"column":2},"end":{"line":116,"column":3}},"30":{"start":{"line":114,"column":4},"end":{"line":114,"column":33}},"31":{"start":{"line":114,"column":17},"end":{"line":114,"column":33}},"32":{"start":{"line":115,"column":4},"end":{"line":115,"column":36}},"33":{"start":{"line":117,"column":2},"end":{"line":119,"column":3}},"34":{"start":{"line":118,"column":4},"end":{"line":118,"column":42}},"35":{"start":{"line":126,"column":6},"end":{"line":132,"column":4}},"36":{"start":{"line":134,"column":2},"end":{"line":139,"column":5}},"37":{"start":{"line":145,"column":6},"end":{"line":161,"column":4}},"38":{"start":{"line":162,"column":2},"end":{"line":162,"column":15}},"39":{"start":{"line":98,"column":13},"end":{"line":98,"column":27}},"40":{"start":{"line":165,"column":27},"end":{"line":224,"column":2}},"41":{"start":{"line":172,"column":5},"end":{"line":224,"column":2}},"42":{"start":{"line":173,"column":2},"end":{"line":175,"column":3}},"43":{"start":{"line":174,"column":4},"end":{"line":174,"column":49}},"44":{"start":{"line":180,"column":13},"end":{"line":191,"column":4}},"45":{"start":{"line":193,"column":2},"end":{"line":195,"column":3}},"46":{"start":{"line":194,"column":4},"end":{"line":194,"column":59}},"47":{"start":{"line":197,"column":2},"end":{"line":205,"column":3}},"48":{"start":{"line":198,"column":4},"end":{"line":204,"column":7}},"49":{"start":{"line":206,"column":24},"end":{"line":213,"column":4}},"50":{"start":{"line":214,"column":2},"end":{"line":221,"column":3}},"51":{"start":{"line":215,"column":4},"end":{"line":220,"column":7}},"52":{"start":{"line":223,"column":2},"end":{"line":223,"column":38}},"53":{"start":{"line":165,"column":13},"end":{"line":165,"column":27}},"54":{"start":{"line":226,"column":27},"end":{"line":254,"column":2}},"55":{"start":{"line":228,"column":38},"end":{"line":254,"column":2}},"56":{"start":{"line":232,"column":13},"end":{"line":242,"column":4}},"57":{"start":{"line":244,"column":2},"end":{"line":246,"column":3}},"58":{"start":{"line":245,"column":4},"end":{"line":245,"column":59}},"59":{"start":{"line":248,"column":2},"end":{"line":251,"column":5}},"60":{"start":{"line":253,"column":2},"end":{"line":253,"column":15}},"61":{"start":{"line":226,"column":13},"end":{"line":226,"column":27}},"62":{"start":{"line":256,"column":32},"end":{"line":304,"column":2}},"63":{"start":{"line":262,"column":12},"end":{"line":304,"column":2}},"64":{"start":{"line":263,"column":2},"end":{"line":265,"column":3}},"65":{"start":{"line":264,"column":4},"end":{"line":264,"column":52}},"66":{"start":{"line":270,"column":6},"end":{"line":270,"column":34}},"67":{"start":{"line":272,"column":2},"end":{"line":274,"column":3}},"68":{"start":{"line":273,"column":4},"end":{"line":273,"column":59}},"69":{"start":{"line":277,"column":4},"end":{"line":279,"column":6}},"70":{"start":{"line":281,"column":2},"end":{"line":290,"column":3}},"71":{"start":{"line":282,"column":4},"end":{"line":288,"column":7}},"72":{"start":{"line":289,"column":4},"end":{"line":289,"column":23}},"73":{"start":{"line":292,"column":2},"end":{"line":301,"column":5}},"74":{"start":{"line":303,"column":2},"end":{"line":303,"column":21}},"75":{"start":{"line":256,"column":13},"end":{"line":256,"column":32}}},"fnMap":{"0":{"name":"(anonymous_7)","decl":{"start":{"line":5,"column":29},"end":{"line":5,"column":null}},"loc":{"start":{"line":12,"column":4},"end":{"line":61,"column":2}}},"1":{"name":"(anonymous_8)","decl":{"start":{"line":12,"column":4},"end":{"line":12,"column":null}},"loc":{"start":{"line":12,"column":4},"end":{"line":61,"column":1}}},"2":{"name":"(anonymous_9)","decl":{"start":{"line":46,"column":16},"end":{"line":46,"column":17}},"loc":{"start":{"line":46,"column":28},"end":{"line":46,"column":42}}},"3":{"name":"(anonymous_10)","decl":{"start":{"line":55,"column":19},"end":{"line":55,"column":20}},"loc":{"start":{"line":55,"column":30},"end":{"line":57,"column":null}}},"4":{"name":"(anonymous_11)","decl":{"start":{"line":63,"column":29},"end":{"line":63,"column":null}},"loc":{"start":{"line":69,"column":5},"end":{"line":96,"column":2}}},"5":{"name":"(anonymous_12)","decl":{"start":{"line":69,"column":5},"end":{"line":69,"column":null}},"loc":{"start":{"line":69,"column":5},"end":{"line":96,"column":1}}},"6":{"name":"(anonymous_13)","decl":{"start":{"line":98,"column":27},"end":{"line":98,"column":34}},"loc":{"start":{"line":104,"column":5},"end":{"line":163,"column":2}}},"7":{"name":"(anonymous_14)","decl":{"start":{"line":104,"column":5},"end":{"line":104,"column":null}},"loc":{"start":{"line":104,"column":5},"end":{"line":163,"column":1}}},"8":{"name":"(anonymous_15)","decl":{"start":{"line":165,"column":27},"end":{"line":165,"column":null}},"loc":{"start":{"line":172,"column":5},"end":{"line":224,"column":2}}},"9":{"name":"(anonymous_16)","decl":{"start":{"line":172,"column":5},"end":{"line":172,"column":null}},"loc":{"start":{"line":172,"column":5},"end":{"line":224,"column":1}}},"10":{"name":"(anonymous_17)","decl":{"start":{"line":226,"column":27},"end":{"line":226,"column":null}},"loc":{"start":{"line":228,"column":38},"end":{"line":254,"column":2}}},"11":{"name":"(anonymous_18)","decl":{"start":{"line":228,"column":38},"end":{"line":228,"column":null}},"loc":{"start":{"line":228,"column":38},"end":{"line":254,"column":1}}},"12":{"name":"(anonymous_19)","decl":{"start":{"line":256,"column":32},"end":{"line":256,"column":null}},"loc":{"start":{"line":262,"column":12},"end":{"line":304,"column":2}}},"13":{"name":"(anonymous_20)","decl":{"start":{"line":262,"column":12},"end":{"line":262,"column":null}},"loc":{"start":{"line":262,"column":12},"end":{"line":304,"column":1}}}},"branchMap":{"0":{"loc":{"start":{"line":91,"column":2},"end":{"line":93,"column":3}},"type":"if","locations":[{"start":{"line":91,"column":2},"end":{"line":93,"column":3}}]},"1":{"loc":{"start":{"line":91,"column":6},"end":{"line":91,"column":39}},"type":"binary-expr","locations":[{"start":{"line":91,"column":6},"end":{"line":91,"column":12}},{"start":{"line":91,"column":16},"end":{"line":91,"column":39}}]},"2":{"loc":{"start":{"line":106,"column":2},"end":{"line":108,"column":3}},"type":"if","locations":[{"start":{"line":106,"column":2},"end":{"line":108,"column":3}}]},"3":{"loc":{"start":{"line":109,"column":2},"end":{"line":112,"column":3}},"type":"if","locations":[{"start":{"line":109,"column":2},"end":{"line":112,"column":3}}]},"4":{"loc":{"start":{"line":110,"column":4},"end":{"line":110,"column":33}},"type":"if","locations":[{"start":{"line":110,"column":4},"end":{"line":110,"column":33}}]},"5":{"loc":{"start":{"line":113,"column":2},"end":{"line":116,"column":3}},"type":"if","locations":[{"start":{"line":113,"column":2},"end":{"line":116,"column":3}}]},"6":{"loc":{"start":{"line":113,"column":6},"end":{"line":113,"column":44}},"type":"binary-expr","locations":[{"start":{"line":113,"column":6},"end":{"line":113,"column":21}},{"start":{"line":113,"column":25},"end":{"line":113,"column":44}}]},"7":{"loc":{"start":{"line":114,"column":4},"end":{"line":114,"column":33}},"type":"if","locations":[{"start":{"line":114,"column":4},"end":{"line":114,"column":33}}]},"8":{"loc":{"start":{"line":117,"column":2},"end":{"line":119,"column":3}},"type":"if","locations":[{"start":{"line":117,"column":2},"end":{"line":119,"column":3}}]},"9":{"loc":{"start":{"line":173,"column":2},"end":{"line":175,"column":3}},"type":"if","locations":[{"start":{"line":173,"column":2},"end":{"line":175,"column":3}}]},"10":{"loc":{"start":{"line":173,"column":6},"end":{"line":173,"column":52}},"type":"binary-expr","locations":[{"start":{"line":173,"column":6},"end":{"line":173,"column":16}},{"start":{"line":173,"column":20},"end":{"line":173,"column":33}},{"start":{"line":173,"column":37},"end":{"line":173,"column":52}}]},"11":{"loc":{"start":{"line":193,"column":2},"end":{"line":195,"column":3}},"type":"if","locations":[{"start":{"line":193,"column":2},"end":{"line":195,"column":3}}]},"12":{"loc":{"start":{"line":193,"column":6},"end":{"line":193,"column":39}},"type":"binary-expr","locations":[{"start":{"line":193,"column":6},"end":{"line":193,"column":12}},{"start":{"line":193,"column":16},"end":{"line":193,"column":39}}]},"13":{"loc":{"start":{"line":197,"column":2},"end":{"line":205,"column":3}},"type":"if","locations":[{"start":{"line":197,"column":2},"end":{"line":205,"column":3}}]},"14":{"loc":{"start":{"line":197,"column":6},"end":{"line":197,"column":31}},"type":"binary-expr","locations":[{"start":{"line":197,"column":6},"end":{"line":197,"column":15}},{"start":{"line":197,"column":19},"end":{"line":197,"column":31}}]},"15":{"loc":{"start":{"line":214,"column":2},"end":{"line":221,"column":3}},"type":"if","locations":[{"start":{"line":214,"column":2},"end":{"line":221,"column":3}}]},"16":{"loc":{"start":{"line":214,"column":6},"end":{"line":214,"column":69}},"type":"binary-expr","locations":[{"start":{"line":214,"column":6},"end":{"line":214,"column":20}},{"start":{"line":214,"column":24},"end":{"line":214,"column":47}},{"start":{"line":214,"column":51},"end":{"line":214,"column":69}}]},"17":{"loc":{"start":{"line":244,"column":2},"end":{"line":246,"column":3}},"type":"if","locations":[{"start":{"line":244,"column":2},"end":{"line":246,"column":3}}]},"18":{"loc":{"start":{"line":244,"column":6},"end":{"line":244,"column":39}},"type":"binary-expr","locations":[{"start":{"line":244,"column":6},"end":{"line":244,"column":12}},{"start":{"line":244,"column":16},"end":{"line":244,"column":39}}]},"19":{"loc":{"start":{"line":263,"column":2},"end":{"line":265,"column":3}},"type":"if","locations":[{"start":{"line":263,"column":2},"end":{"line":265,"column":3}}]},"20":{"loc":{"start":{"line":272,"column":2},"end":{"line":274,"column":3}},"type":"if","locations":[{"start":{"line":272,"column":2},"end":{"line":274,"column":3}}]},"21":{"loc":{"start":{"line":281,"column":2},"end":{"line":290,"column":3}},"type":"if","locations":[{"start":{"line":281,"column":2},"end":{"line":290,"column":3}}]}},"s":{"0":3,"1":3,"2":3,"3":3,"4":0,"5":0,"6":0,"7":0,"8":0,"9":0,"10":0,"11":0,"12":3,"13":3,"14":0,"15":0,"16":0,"17":0,"18":0,"19":3,"20":3,"21":0,"22":0,"23":0,"24":0,"25":0,"26":0,"27":0,"28":0,"29":0,"30":0,"31":0,"32":0,"33":0,"34":0,"35":0,"36":0,"37":0,"38":0,"39":3,"40":3,"41":0,"42":0,"43":0,"44":0,"45":0,"46":0,"47":0,"48":0,"49":0,"50":0,"51":0,"52":0,"53":3,"54":3,"55":0,"56":0,"57":0,"58":0,"59":0,"60":0,"61":3,"62":3,"63":0,"64":0,"65":0,"66":0,"67":0,"68":0,"69":0,"70":0,"71":0,"72":0,"73":0,"74":0,"75":3},"f":{"0":0,"1":0,"2":0,"3":0,"4":0,"5":0,"6":0,"7":0,"8":0,"9":0,"10":0,"11":0,"12":0,"13":0},"b":{"0":[0],"1":[0,0],"2":[0],"3":[0],"4":[0],"5":[0],"6":[0,0],"7":[0],"8":[0],"9":[0],"10":[0,0,0],"11":[0],"12":[0,0],"13":[0],"14":[0,0],"15":[0],"16":[0,0,0],"17":[0],"18":[0,0],"19":[0],"20":[0],"21":[0]}}
,"/home/abdelarhamn/Documents/projects/telegram-project/back/src/repositories/index.ts": {"path":"/home/abdelarhamn/Documents/projects/telegram-project/back/src/repositories/index.ts","statementMap":{"0":{"start":{"line":5,"column":0},"end":{"line":5,"column":40}},"1":{"start":{"line":6,"column":0},"end":{"line":6,"column":34}},"2":{"start":{"line":7,"column":0},"end":{"line":7,"column":36}}},"fnMap":{},"branchMap":{},"s":{"0":3,"1":3,"2":3},"f":{},"b":{}}
,"/home/abdelarhamn/Documents/projects/telegram-project/back/src/repositories/userRepository.ts": {"path":"/home/abdelarhamn/Documents/projects/telegram-project/back/src/repositories/userRepository.ts","statementMap":{"0":{"start":{"line":2,"column":0},"end":{"line":2,"column":38}},"1":{"start":{"line":6,"column":0},"end":{"line":6,"column":40}},"2":{"start":{"line":7,"column":0},"end":{"line":7,"column":38}},"3":{"start":{"line":10,"column":26},"end":{"line":12,"column":2}},"4":{"start":{"line":10,"column":62},"end":{"line":12,"column":2}},"5":{"start":{"line":11,"column":2},"end":{"line":11,"column":45}},"6":{"start":{"line":10,"column":13},"end":{"line":10,"column":26}},"7":{"start":{"line":14,"column":31},"end":{"line":28,"column":2}},"8":{"start":{"line":16,"column":36},"end":{"line":28,"column":2}},"9":{"start":{"line":17,"column":22},"end":{"line":17,"column":73}},"10":{"start":{"line":18,"column":2},"end":{"line":20,"column":3}},"11":{"start":{"line":19,"column":4},"end":{"line":19,"column":23}},"12":{"start":{"line":21,"column":21},"end":{"line":26,"column":4}},"13":{"start":{"line":27,"column":2},"end":{"line":27,"column":20}},"14":{"start":{"line":14,"column":13},"end":{"line":14,"column":31}},"15":{"start":{"line":30,"column":34},"end":{"line":34,"column":2}},"16":{"start":{"line":32,"column":27},"end":{"line":34,"column":2}},"17":{"start":{"line":33,"column":2},"end":{"line":33,"column":64}},"18":{"start":{"line":30,"column":13},"end":{"line":30,"column":34}},"19":{"start":{"line":36,"column":34},"end":{"line":41,"column":2}},"20":{"start":{"line":39,"column":27},"end":{"line":41,"column":2}},"21":{"start":{"line":40,"column":2},"end":{"line":40,"column":79}},"22":{"start":{"line":36,"column":13},"end":{"line":36,"column":34}},"23":{"start":{"line":43,"column":28},"end":{"line":45,"column":2}},"24":{"start":{"line":43,"column":72},"end":{"line":45,"column":2}},"25":{"start":{"line":44,"column":2},"end":{"line":44,"column":58}},"26":{"start":{"line":43,"column":13},"end":{"line":43,"column":28}},"27":{"start":{"line":47,"column":30},"end":{"line":52,"column":2}},"28":{"start":{"line":50,"column":20},"end":{"line":52,"column":2}},"29":{"start":{"line":51,"column":2},"end":{"line":51,"column":60}},"30":{"start":{"line":47,"column":13},"end":{"line":47,"column":30}},"31":{"start":{"line":54,"column":30},"end":{"line":73,"column":2}},"32":{"start":{"line":54,"column":72},"end":{"line":73,"column":2}},"33":{"start":{"line":55,"column":23},"end":{"line":55,"column":67}},"34":{"start":{"line":56,"column":2},"end":{"line":58,"column":3}},"35":{"start":{"line":57,"column":4},"end":{"line":57,"column":48}},"36":{"start":{"line":59,"column":22},"end":{"line":59,"column":48}},"37":{"start":{"line":60,"column":18},"end":{"line":71,"column":4}},"38":{"start":{"line":72,"column":2},"end":{"line":72,"column":17}},"39":{"start":{"line":54,"column":13},"end":{"line":54,"column":30}},"40":{"start":{"line":74,"column":32},"end":{"line":84,"column":2}},"41":{"start":{"line":77,"column":4},"end":{"line":84,"column":2}},"42":{"start":{"line":78,"column":2},"end":{"line":83,"column":5}},"43":{"start":{"line":74,"column":13},"end":{"line":74,"column":32}},"44":{"start":{"line":86,"column":37},"end":{"line":98,"column":2}},"45":{"start":{"line":89,"column":4},"end":{"line":98,"column":2}},"46":{"start":{"line":90,"column":2},"end":{"line":97,"column":5}},"47":{"start":{"line":86,"column":13},"end":{"line":86,"column":37}},"48":{"start":{"line":100,"column":34},"end":{"line":116,"column":2}},"49":{"start":{"line":100,"column":62},"end":{"line":116,"column":2}},"50":{"start":{"line":101,"column":2},"end":{"line":115,"column":5}},"51":{"start":{"line":100,"column":13},"end":{"line":100,"column":34}}},"fnMap":{"0":{"name":"(anonymous_8)","decl":{"start":{"line":10,"column":26},"end":{"line":10,"column":33}},"loc":{"start":{"line":10,"column":62},"end":{"line":12,"column":2}}},"1":{"name":"(anonymous_9)","decl":{"start":{"line":10,"column":62},"end":{"line":10,"column":null}},"loc":{"start":{"line":10,"column":62},"end":{"line":12,"column":1}}},"2":{"name":"(anonymous_10)","decl":{"start":{"line":14,"column":31},"end":{"line":14,"column":null}},"loc":{"start":{"line":16,"column":36},"end":{"line":28,"column":2}}},"3":{"name":"(anonymous_11)","decl":{"start":{"line":16,"column":36},"end":{"line":16,"column":null}},"loc":{"start":{"line":16,"column":36},"end":{"line":28,"column":1}}},"4":{"name":"(anonymous_12)","decl":{"start":{"line":30,"column":34},"end":{"line":30,"column":null}},"loc":{"start":{"line":32,"column":27},"end":{"line":34,"column":2}}},"5":{"name":"(anonymous_13)","decl":{"start":{"line":32,"column":27},"end":{"line":32,"column":null}},"loc":{"start":{"line":32,"column":27},"end":{"line":34,"column":1}}},"6":{"name":"(anonymous_14)","decl":{"start":{"line":36,"column":34},"end":{"line":36,"column":null}},"loc":{"start":{"line":39,"column":27},"end":{"line":41,"column":2}}},"7":{"name":"(anonymous_15)","decl":{"start":{"line":39,"column":27},"end":{"line":39,"column":null}},"loc":{"start":{"line":39,"column":27},"end":{"line":41,"column":1}}},"8":{"name":"(anonymous_16)","decl":{"start":{"line":43,"column":28},"end":{"line":43,"column":35}},"loc":{"start":{"line":43,"column":72},"end":{"line":45,"column":2}}},"9":{"name":"(anonymous_17)","decl":{"start":{"line":43,"column":72},"end":{"line":43,"column":null}},"loc":{"start":{"line":43,"column":72},"end":{"line":45,"column":1}}},"10":{"name":"(anonymous_18)","decl":{"start":{"line":47,"column":30},"end":{"line":47,"column":null}},"loc":{"start":{"line":50,"column":20},"end":{"line":52,"column":2}}},"11":{"name":"(anonymous_19)","decl":{"start":{"line":50,"column":20},"end":{"line":50,"column":null}},"loc":{"start":{"line":50,"column":20},"end":{"line":52,"column":1}}},"12":{"name":"(anonymous_20)","decl":{"start":{"line":54,"column":30},"end":{"line":54,"column":37}},"loc":{"start":{"line":54,"column":72},"end":{"line":73,"column":2}}},"13":{"name":"(anonymous_21)","decl":{"start":{"line":54,"column":72},"end":{"line":54,"column":null}},"loc":{"start":{"line":54,"column":72},"end":{"line":73,"column":1}}},"14":{"name":"(anonymous_22)","decl":{"start":{"line":74,"column":32},"end":{"line":74,"column":null}},"loc":{"start":{"line":77,"column":4},"end":{"line":84,"column":2}}},"15":{"name":"(anonymous_23)","decl":{"start":{"line":77,"column":4},"end":{"line":77,"column":null}},"loc":{"start":{"line":77,"column":4},"end":{"line":84,"column":1}}},"16":{"name":"(anonymous_24)","decl":{"start":{"line":86,"column":37},"end":{"line":86,"column":null}},"loc":{"start":{"line":89,"column":4},"end":{"line":98,"column":2}}},"17":{"name":"(anonymous_25)","decl":{"start":{"line":89,"column":4},"end":{"line":89,"column":null}},"loc":{"start":{"line":89,"column":4},"end":{"line":98,"column":1}}},"18":{"name":"(anonymous_26)","decl":{"start":{"line":100,"column":34},"end":{"line":100,"column":41}},"loc":{"start":{"line":100,"column":62},"end":{"line":116,"column":2}}},"19":{"name":"(anonymous_27)","decl":{"start":{"line":100,"column":62},"end":{"line":100,"column":null}},"loc":{"start":{"line":100,"column":62},"end":{"line":116,"column":1}}}},"branchMap":{"0":{"loc":{"start":{"line":18,"column":2},"end":{"line":20,"column":3}},"type":"if","locations":[{"start":{"line":18,"column":2},"end":{"line":20,"column":3}}]},"1":{"loc":{"start":{"line":56,"column":2},"end":{"line":58,"column":3}},"type":"if","locations":[{"start":{"line":56,"column":2},"end":{"line":58,"column":3}}]},"2":{"loc":{"start":{"line":62,"column":14},"end":{"line":62,"column":50}},"type":"binary-expr","locations":[{"start":{"line":62,"column":14},"end":{"line":62,"column":35}},{"start":{"line":62,"column":39},"end":{"line":62,"column":50}}]}},"s":{"0":3,"1":3,"2":3,"3":3,"4":0,"5":0,"6":3,"7":3,"8":0,"9":0,"10":0,"11":0,"12":0,"13":0,"14":3,"15":3,"16":0,"17":0,"18":3,"19":3,"20":0,"21":0,"22":3,"23":3,"24":0,"25":0,"26":3,"27":3,"28":0,"29":0,"30":3,"31":3,"32":0,"33":0,"34":0,"35":0,"36":0,"37":0,"38":0,"39":3,"40":3,"41":0,"42":0,"43":3,"44":3,"45":0,"46":0,"47":3,"48":3,"49":0,"50":0,"51":3},"f":{"0":0,"1":0,"2":0,"3":0,"4":0,"5":0,"6":0,"7":0,"8":0,"9":0,"10":0,"11":0,"12":0,"13":0,"14":0,"15":0,"16":0,"17":0,"18":0,"19":0},"b":{"0":[0],"1":[0],"2":[0,0]}}
,"/home/abdelarhamn/Documents/projects/telegram-project/back/src/services/adminService.ts": {"path":"/home/abdelarhamn/Documents/projects/telegram-project/back/src/services/adminService.ts","statementMap":{"0":{"start":{"line":1,"column":0},"end":{"line":1,"column":66}},"1":{"start":{"line":2,"column":0},"end":{"line":2,"column":38}},"2":{"start":{"line":4,"column":19},"end":{"line":11,"column":2}},"3":{"start":{"line":4,"column":45},"end":{"line":11,"column":2}},"4":{"start":{"line":6,"column":4},"end":{"line":6,"column":47}},"5":{"start":{"line":8,"column":2},"end":{"line":10,"column":3}},"6":{"start":{"line":9,"column":4},"end":{"line":9,"column":46}},"7":{"start":{"line":13,"column":27},"end":{"line":44,"column":2}},"8":{"start":{"line":25,"column":4},"end":{"line":44,"column":2}},"9":{"start":{"line":27,"column":2},"end":{"line":27,"column":28}},"10":{"start":{"line":37,"column":8},"end":{"line":37,"column":42}},"11":{"start":{"line":39,"column":2},"end":{"line":41,"column":3}},"12":{"start":{"line":40,"column":4},"end":{"line":40,"column":46}},"13":{"start":{"line":43,"column":2},"end":{"line":43,"column":15}},"14":{"start":{"line":13,"column":13},"end":{"line":13,"column":27}},"15":{"start":{"line":47,"column":32},"end":{"line":74,"column":2}},"16":{"start":{"line":54,"column":12},"end":{"line":74,"column":2}},"17":{"start":{"line":56,"column":2},"end":{"line":56,"column":28}},"18":{"start":{"line":61,"column":13},"end":{"line":61,"column":54}},"19":{"start":{"line":63,"column":2},"end":{"line":65,"column":3}},"20":{"start":{"line":64,"column":4},"end":{"line":64,"column":58}},"21":{"start":{"line":71,"column":13},"end":{"line":71,"column":72}},"22":{"start":{"line":73,"column":2},"end":{"line":73,"column":21}},"23":{"start":{"line":47,"column":13},"end":{"line":47,"column":32}}},"fnMap":{"0":{"name":"(anonymous_13)","decl":{"start":{"line":4,"column":19},"end":{"line":4,"column":26}},"loc":{"start":{"line":4,"column":45},"end":{"line":11,"column":2}}},"1":{"name":"(anonymous_14)","decl":{"start":{"line":4,"column":45},"end":{"line":4,"column":null}},"loc":{"start":{"line":4,"column":45},"end":{"line":11,"column":1}}},"2":{"name":"(anonymous_15)","decl":{"start":{"line":13,"column":27},"end":{"line":13,"column":null}},"loc":{"start":{"line":25,"column":4},"end":{"line":44,"column":2}}},"3":{"name":"(anonymous_16)","decl":{"start":{"line":25,"column":4},"end":{"line":25,"column":null}},"loc":{"start":{"line":25,"column":4},"end":{"line":44,"column":1}}},"4":{"name":"(anonymous_17)","decl":{"start":{"line":47,"column":32},"end":{"line":47,"column":null}},"loc":{"start":{"line":54,"column":12},"end":{"line":74,"column":2}}},"5":{"name":"(anonymous_18)","decl":{"start":{"line":54,"column":12},"end":{"line":54,"column":null}},"loc":{"start":{"line":54,"column":12},"end":{"line":74,"column":1}}}},"branchMap":{"0":{"loc":{"start":{"line":8,"column":2},"end":{"line":10,"column":3}},"type":"if","locations":[{"start":{"line":8,"column":2},"end":{"line":10,"column":3}}]},"1":{"loc":{"start":{"line":39,"column":2},"end":{"line":41,"column":3}},"type":"if","locations":[{"start":{"line":39,"column":2},"end":{"line":41,"column":3}}]},"2":{"loc":{"start":{"line":63,"column":2},"end":{"line":65,"column":3}},"type":"if","locations":[{"start":{"line":63,"column":2},"end":{"line":65,"column":3}}]}},"s":{"0":3,"1":3,"2":3,"3":0,"4":0,"5":0,"6":0,"7":3,"8":0,"9":0,"10":0,"11":0,"12":0,"13":0,"14":3,"15":3,"16":0,"17":0,"18":0,"19":0,"20":0,"21":0,"22":0,"23":3},"f":{"0":0,"1":0,"2":0,"3":0,"4":0,"5":0},"b":{"0":[0],"1":[0],"2":[0]}}
,"/home/abdelarhamn/Documents/projects/telegram-project/back/src/services/channelMemberService.ts": {"path":"/home/abdelarhamn/Documents/projects/telegram-project/back/src/services/channelMemberService.ts","statementMap":{"0":{"start":{"line":1,"column":0},"end":{"line":1,"column":83}},"1":{"start":{"line":2,"column":0},"end":{"line":2,"column":66}},"2":{"start":{"line":3,"column":0},"end":{"line":3,"column":38}},"3":{"start":{"line":5,"column":0},"end":{"line":5,"column":47}},"4":{"start":{"line":6,"column":0},"end":{"line":6,"column":71}},"5":{"start":{"line":7,"column":0},"end":{"line":7,"column":28}},"6":{"start":{"line":9,"column":20},"end":{"line":14,"column":2}},"7":{"start":{"line":9,"column":48},"end":{"line":14,"column":2}},"8":{"start":{"line":10,"column":18},"end":{"line":10,"column":68}},"9":{"start":{"line":11,"column":2},"end":{"line":13,"column":3}},"10":{"start":{"line":12,"column":4},"end":{"line":12,"column":63}},"11":{"start":{"line":16,"column":18},"end":{"line":21,"column":2}},"12":{"start":{"line":16,"column":43},"end":{"line":21,"column":2}},"13":{"start":{"line":17,"column":15},"end":{"line":17,"column":56}},"14":{"start":{"line":18,"column":2},"end":{"line":20,"column":3}},"15":{"start":{"line":19,"column":4},"end":{"line":19,"column":60}},"16":{"start":{"line":23,"column":44},"end":{"line":31,"column":2}},"17":{"start":{"line":26,"column":4},"end":{"line":31,"column":2}},"18":{"start":{"line":27,"column":24},"end":{"line":27,"column":67}},"19":{"start":{"line":28,"column":2},"end":{"line":30,"column":3}},"20":{"start":{"line":29,"column":4},"end":{"line":29,"column":46}},"21":{"start":{"line":23,"column":13},"end":{"line":23,"column":44}},"22":{"start":{"line":33,"column":34},"end":{"line":42,"column":2}},"23":{"start":{"line":33,"column":78},"end":{"line":42,"column":2}},"24":{"start":{"line":34,"column":24},"end":{"line":36,"column":null}},"25":{"start":{"line":38,"column":2},"end":{"line":40,"column":3}},"26":{"start":{"line":39,"column":4},"end":{"line":39,"column":71}},"27":{"start":{"line":41,"column":2},"end":{"line":41,"column":23}},"28":{"start":{"line":33,"column":13},"end":{"line":33,"column":34}},"29":{"start":{"line":44,"column":20},"end":{"line":61,"column":2}},"30":{"start":{"line":44,"column":64},"end":{"line":61,"column":2}},"31":{"start":{"line":45,"column":2},"end":{"line":45,"column":26}},"32":{"start":{"line":46,"column":25},"end":{"line":48,"column":null}},"33":{"start":{"line":50,"column":2},"end":{"line":59,"column":3}},"34":{"start":{"line":51,"column":4},"end":{"line":57,"column":5}},"35":{"start":{"line":52,"column":6},"end":{"line":56,"column":8}},"36":{"start":{"line":58,"column":4},"end":{"line":58,"column":69}},"37":{"start":{"line":60,"column":2},"end":{"line":60,"column":14}},"38":{"start":{"line":63,"column":19},"end":{"line":74,"column":2}},"39":{"start":{"line":63,"column":64},"end":{"line":74,"column":2}},"40":{"start":{"line":64,"column":2},"end":{"line":66,"column":3}},"41":{"start":{"line":65,"column":4},"end":{"line":65,"column":50}},"42":{"start":{"line":67,"column":15},"end":{"line":69,"column":null}},"43":{"start":{"line":71,"column":2},"end":{"line":73,"column":3}},"44":{"start":{"line":72,"column":4},"end":{"line":72,"column":46}},"45":{"start":{"line":76,"column":33},"end":{"line":80,"column":2}},"46":{"start":{"line":76,"column":61},"end":{"line":80,"column":2}},"47":{"start":{"line":78,"column":2},"end":{"line":78,"column":31}},"48":{"start":{"line":79,"column":2},"end":{"line":79,"column":69}},"49":{"start":{"line":76,"column":13},"end":{"line":76,"column":33}},"50":{"start":{"line":82,"column":32},"end":{"line":98,"column":2}},"51":{"start":{"line":86,"column":4},"end":{"line":98,"column":2}},"52":{"start":{"line":88,"column":2},"end":{"line":88,"column":31}},"53":{"start":{"line":90,"column":2},"end":{"line":90,"column":39}},"54":{"start":{"line":93,"column":2},"end":{"line":97,"column":5}},"55":{"start":{"line":82,"column":13},"end":{"line":82,"column":32}},"56":{"start":{"line":100,"column":35},"end":{"line":146,"column":2}},"57":{"start":{"line":105,"column":4},"end":{"line":146,"column":2}},"58":{"start":{"line":107,"column":2},"end":{"line":107,"column":31}},"59":{"start":{"line":109,"column":2},"end":{"line":109,"column":39}},"60":{"start":{"line":111,"column":15},"end":{"line":113,"column":null}},"61":{"start":{"line":116,"column":2},"end":{"line":118,"column":3}},"62":{"start":{"line":117,"column":4},"end":{"line":117,"column":46}},"63":{"start":{"line":120,"column":25},"end":{"line":122,"column":null}},"64":{"start":{"line":125,"column":2},"end":{"line":127,"column":3}},"65":{"start":{"line":126,"column":4},"end":{"line":126,"column":64}},"66":{"start":{"line":129,"column":47},"end":{"line":129,"column":49}},"67":{"start":{"line":130,"column":2},"end":{"line":133,"column":3}},"68":{"start":{"line":131,"column":4},"end":{"line":132,"column":76}},"69":{"start":{"line":135,"column":2},"end":{"line":137,"column":3}},"70":{"start":{"line":136,"column":4},"end":{"line":136,"column":72}},"71":{"start":{"line":138,"column":2},"end":{"line":140,"column":3}},"72":{"start":{"line":139,"column":4},"end":{"line":139,"column":50}},"73":{"start":{"line":141,"column":2},"end":{"line":145,"column":4}},"74":{"start":{"line":100,"column":13},"end":{"line":100,"column":35}},"75":{"start":{"line":148,"column":35},"end":{"line":166,"column":2}},"76":{"start":{"line":151,"column":4},"end":{"line":166,"column":2}},"77":{"start":{"line":152,"column":25},"end":{"line":154,"column":null}},"78":{"start":{"line":157,"column":2},"end":{"line":159,"column":3}},"79":{"start":{"line":158,"column":4},"end":{"line":158,"column":64}},"80":{"start":{"line":161,"column":2},"end":{"line":165,"column":4}},"81":{"start":{"line":148,"column":13},"end":{"line":148,"column":35}},"82":{"start":{"line":168,"column":35},"end":{"line":196,"column":2}},"83":{"start":{"line":172,"column":4},"end":{"line":196,"column":2}},"84":{"start":{"line":173,"column":29},"end":{"line":176,"column":18}},"85":{"start":{"line":179,"column":4},"end":{"line":180,"column":null}},"86":{"start":{"line":183,"column":2},"end":{"line":185,"column":3}},"87":{"start":{"line":184,"column":4},"end":{"line":184,"column":58}},"88":{"start":{"line":188,"column":2},"end":{"line":188,"column":40}},"89":{"start":{"line":191,"column":2},"end":{"line":195,"column":5}},"90":{"start":{"line":168,"column":13},"end":{"line":168,"column":35}}},"fnMap":{"0":{"name":"(anonymous_14)","decl":{"start":{"line":9,"column":20},"end":{"line":9,"column":27}},"loc":{"start":{"line":9,"column":48},"end":{"line":14,"column":2}}},"1":{"name":"(anonymous_15)","decl":{"start":{"line":9,"column":48},"end":{"line":9,"column":null}},"loc":{"start":{"line":9,"column":48},"end":{"line":14,"column":1}}},"2":{"name":"(anonymous_16)","decl":{"start":{"line":16,"column":18},"end":{"line":16,"column":25}},"loc":{"start":{"line":16,"column":43},"end":{"line":21,"column":2}}},"3":{"name":"(anonymous_17)","decl":{"start":{"line":16,"column":43},"end":{"line":16,"column":null}},"loc":{"start":{"line":16,"column":43},"end":{"line":21,"column":1}}},"4":{"name":"(anonymous_18)","decl":{"start":{"line":23,"column":44},"end":{"line":23,"column":null}},"loc":{"start":{"line":26,"column":4},"end":{"line":31,"column":2}}},"5":{"name":"(anonymous_19)","decl":{"start":{"line":26,"column":4},"end":{"line":26,"column":null}},"loc":{"start":{"line":26,"column":4},"end":{"line":31,"column":1}}},"6":{"name":"(anonymous_20)","decl":{"start":{"line":33,"column":34},"end":{"line":33,"column":41}},"loc":{"start":{"line":33,"column":78},"end":{"line":42,"column":2}}},"7":{"name":"(anonymous_21)","decl":{"start":{"line":33,"column":78},"end":{"line":33,"column":null}},"loc":{"start":{"line":33,"column":78},"end":{"line":42,"column":1}}},"8":{"name":"(anonymous_22)","decl":{"start":{"line":44,"column":20},"end":{"line":44,"column":27}},"loc":{"start":{"line":44,"column":64},"end":{"line":61,"column":2}}},"9":{"name":"(anonymous_23)","decl":{"start":{"line":44,"column":64},"end":{"line":44,"column":null}},"loc":{"start":{"line":44,"column":64},"end":{"line":61,"column":1}}},"10":{"name":"(anonymous_24)","decl":{"start":{"line":63,"column":19},"end":{"line":63,"column":26}},"loc":{"start":{"line":63,"column":64},"end":{"line":74,"column":2}}},"11":{"name":"(anonymous_25)","decl":{"start":{"line":63,"column":64},"end":{"line":63,"column":null}},"loc":{"start":{"line":63,"column":64},"end":{"line":74,"column":1}}},"12":{"name":"(anonymous_26)","decl":{"start":{"line":76,"column":33},"end":{"line":76,"column":40}},"loc":{"start":{"line":76,"column":61},"end":{"line":80,"column":2}}},"13":{"name":"(anonymous_27)","decl":{"start":{"line":76,"column":61},"end":{"line":76,"column":null}},"loc":{"start":{"line":76,"column":61},"end":{"line":80,"column":1}}},"14":{"name":"(anonymous_28)","decl":{"start":{"line":82,"column":32},"end":{"line":82,"column":null}},"loc":{"start":{"line":86,"column":4},"end":{"line":98,"column":2}}},"15":{"name":"(anonymous_29)","decl":{"start":{"line":86,"column":4},"end":{"line":86,"column":null}},"loc":{"start":{"line":86,"column":4},"end":{"line":98,"column":1}}},"16":{"name":"(anonymous_30)","decl":{"start":{"line":100,"column":35},"end":{"line":100,"column":null}},"loc":{"start":{"line":105,"column":4},"end":{"line":146,"column":2}}},"17":{"name":"(anonymous_31)","decl":{"start":{"line":105,"column":4},"end":{"line":105,"column":null}},"loc":{"start":{"line":105,"column":4},"end":{"line":146,"column":1}}},"18":{"name":"(anonymous_32)","decl":{"start":{"line":148,"column":35},"end":{"line":148,"column":null}},"loc":{"start":{"line":151,"column":4},"end":{"line":166,"column":2}}},"19":{"name":"(anonymous_33)","decl":{"start":{"line":151,"column":4},"end":{"line":151,"column":null}},"loc":{"start":{"line":151,"column":4},"end":{"line":166,"column":1}}},"20":{"name":"(anonymous_34)","decl":{"start":{"line":168,"column":35},"end":{"line":168,"column":null}},"loc":{"start":{"line":172,"column":4},"end":{"line":196,"column":2}}},"21":{"name":"(anonymous_35)","decl":{"start":{"line":172,"column":4},"end":{"line":172,"column":null}},"loc":{"start":{"line":172,"column":4},"end":{"line":196,"column":1}}}},"branchMap":{"0":{"loc":{"start":{"line":11,"column":2},"end":{"line":13,"column":3}},"type":"if","locations":[{"start":{"line":11,"column":2},"end":{"line":13,"column":3}}]},"1":{"loc":{"start":{"line":18,"column":2},"end":{"line":20,"column":3}},"type":"if","locations":[{"start":{"line":18,"column":2},"end":{"line":20,"column":3}}]},"2":{"loc":{"start":{"line":28,"column":2},"end":{"line":30,"column":3}},"type":"if","locations":[{"start":{"line":28,"column":2},"end":{"line":30,"column":3}}]},"3":{"loc":{"start":{"line":38,"column":2},"end":{"line":40,"column":3}},"type":"if","locations":[{"start":{"line":38,"column":2},"end":{"line":40,"column":3}}]},"4":{"loc":{"start":{"line":38,"column":6},"end":{"line":38,"column":45}},"type":"binary-expr","locations":[{"start":{"line":38,"column":6},"end":{"line":38,"column":20}},{"start":{"line":38,"column":24},"end":{"line":38,"column":45}}]},"5":{"loc":{"start":{"line":50,"column":2},"end":{"line":59,"column":3}},"type":"if","locations":[{"start":{"line":50,"column":2},"end":{"line":59,"column":3}}]},"6":{"loc":{"start":{"line":51,"column":4},"end":{"line":57,"column":5}},"type":"if","locations":[{"start":{"line":51,"column":4},"end":{"line":57,"column":5}}]},"7":{"loc":{"start":{"line":64,"column":2},"end":{"line":66,"column":3}},"type":"if","locations":[{"start":{"line":64,"column":2},"end":{"line":66,"column":3}}]},"8":{"loc":{"start":{"line":71,"column":2},"end":{"line":73,"column":3}},"type":"if","locations":[{"start":{"line":71,"column":2},"end":{"line":73,"column":3}}]},"9":{"loc":{"start":{"line":71,"column":6},"end":{"line":71,"column":64}},"type":"binary-expr","locations":[{"start":{"line":71,"column":6},"end":{"line":71,"column":11}},{"start":{"line":71,"column":15},"end":{"line":71,"column":27}},{"start":{"line":71,"column":31},"end":{"line":71,"column":64}}]},"10":{"loc":{"start":{"line":116,"column":2},"end":{"line":118,"column":3}},"type":"if","locations":[{"start":{"line":116,"column":2},"end":{"line":118,"column":3}}]},"11":{"loc":{"start":{"line":116,"column":6},"end":{"line":116,"column":64}},"type":"binary-expr","locations":[{"start":{"line":116,"column":6},"end":{"line":116,"column":11}},{"start":{"line":116,"column":15},"end":{"line":116,"column":27}},{"start":{"line":116,"column":31},"end":{"line":116,"column":64}}]},"12":{"loc":{"start":{"line":125,"column":2},"end":{"line":127,"column":3}},"type":"if","locations":[{"start":{"line":125,"column":2},"end":{"line":127,"column":3}}]},"13":{"loc":{"start":{"line":130,"column":2},"end":{"line":133,"column":3}},"type":"if","locations":[{"start":{"line":130,"column":2},"end":{"line":133,"column":3}}]},"14":{"loc":{"start":{"line":132,"column":6},"end":{"line":132,"column":75}},"type":"cond-expr","locations":[{"start":{"line":132,"column":33},"end":{"line":132,"column":52}},{"start":{"line":132,"column":55},"end":{"line":132,"column":75}}]},"15":{"loc":{"start":{"line":135,"column":2},"end":{"line":137,"column":3}},"type":"if","locations":[{"start":{"line":135,"column":2},"end":{"line":137,"column":3}}]},"16":{"loc":{"start":{"line":138,"column":2},"end":{"line":140,"column":3}},"type":"if","locations":[{"start":{"line":138,"column":2},"end":{"line":140,"column":3}}]},"17":{"loc":{"start":{"line":138,"column":6},"end":{"line":138,"column":54}},"type":"binary-expr","locations":[{"start":{"line":138,"column":6},"end":{"line":138,"column":19}},{"start":{"line":138,"column":23},"end":{"line":138,"column":54}}]},"18":{"loc":{"start":{"line":157,"column":2},"end":{"line":159,"column":3}},"type":"if","locations":[{"start":{"line":157,"column":2},"end":{"line":159,"column":3}}]},"19":{"loc":{"start":{"line":183,"column":2},"end":{"line":185,"column":3}},"type":"if","locations":[{"start":{"line":183,"column":2},"end":{"line":185,"column":3}}]}},"s":{"0":3,"1":3,"2":3,"3":3,"4":3,"5":3,"6":3,"7":0,"8":0,"9":0,"10":0,"11":3,"12":0,"13":0,"14":0,"15":0,"16":3,"17":0,"18":0,"19":0,"20":0,"21":3,"22":3,"23":0,"24":0,"25":0,"26":0,"27":0,"28":3,"29":3,"30":0,"31":0,"32":0,"33":0,"34":0,"35":0,"36":0,"37":0,"38":3,"39":0,"40":0,"41":0,"42":0,"43":0,"44":0,"45":3,"46":0,"47":0,"48":0,"49":3,"50":3,"51":0,"52":0,"53":0,"54":0,"55":3,"56":3,"57":0,"58":0,"59":0,"60":0,"61":0,"62":0,"63":0,"64":0,"65":0,"66":0,"67":0,"68":0,"69":0,"70":0,"71":0,"72":0,"73":0,"74":3,"75":3,"76":0,"77":0,"78":0,"79":0,"80":0,"81":3,"82":3,"83":0,"84":0,"85":0,"86":0,"87":0,"88":0,"89":0,"90":3},"f":{"0":0,"1":0,"2":0,"3":0,"4":0,"5":0,"6":0,"7":0,"8":0,"9":0,"10":0,"11":0,"12":0,"13":0,"14":0,"15":0,"16":0,"17":0,"18":0,"19":0,"20":0,"21":0},"b":{"0":[0],"1":[0],"2":[0],"3":[0],"4":[0,0],"5":[0],"6":[0],"7":[0],"8":[0],"9":[0,0,0],"10":[0],"11":[0,0,0],"12":[0],"13":[0],"14":[0,0],"15":[0],"16":[0],"17":[0,0],"18":[0],"19":[0]}}
,"/home/abdelarhamn/Documents/projects/telegram-project/back/src/services/chatService.ts": {"path":"/home/abdelarhamn/Documents/projects/telegram-project/back/src/services/chatService.ts","statementMap":{"0":{"start":{"line":1,"column":0},"end":{"line":1,"column":51}},"1":{"start":{"line":2,"column":0},"end":{"line":2,"column":null}},"2":{"start":{"line":12,"column":0},"end":{"line":12,"column":39}},"3":{"start":{"line":32,"column":29},"end":{"line":53,"column":2}},"4":{"start":{"line":32,"column":49},"end":{"line":53,"column":2}},"5":{"start":{"line":33,"column":2},"end":{"line":52,"column":5}},"6":{"start":{"line":32,"column":13},"end":{"line":32,"column":29}},"7":{"start":{"line":55,"column":52},"end":{"line":70,"column":2}},"8":{"start":{"line":55,"column":77},"end":{"line":70,"column":2}},"9":{"start":{"line":56,"column":24},"end":{"line":67,"column":4}},"10":{"start":{"line":69,"column":2},"end":{"line":69,"column":64}},"11":{"start":{"line":69,"column":41},"end":{"line":69,"column":62}},"12":{"start":{"line":55,"column":13},"end":{"line":55,"column":52}},"13":{"start":{"line":71,"column":45},"end":{"line":96,"column":2}},"14":{"start":{"line":71,"column":70},"end":{"line":96,"column":2}},"15":{"start":{"line":72,"column":22},"end":{"line":91,"column":4}},"16":{"start":{"line":93,"column":2},"end":{"line":95,"column":4}},"17":{"start":{"line":94,"column":20},"end":{"line":94,"column":65}},"18":{"start":{"line":71,"column":13},"end":{"line":71,"column":45}},"19":{"start":{"line":98,"column":47},"end":{"line":123,"column":2}},"20":{"start":{"line":98,"column":72},"end":{"line":123,"column":2}},"21":{"start":{"line":99,"column":22},"end":{"line":118,"column":4}},"22":{"start":{"line":120,"column":2},"end":{"line":122,"column":4}},"23":{"start":{"line":121,"column":20},"end":{"line":121,"column":67}},"24":{"start":{"line":98,"column":13},"end":{"line":98,"column":47}},"25":{"start":{"line":124,"column":34},"end":{"line":161,"column":2}},"26":{"start":{"line":127,"column":4},"end":{"line":161,"column":2}},"27":{"start":{"line":128,"column":27},"end":{"line":134,"column":4}},"28":{"start":{"line":135,"column":21},"end":{"line":135,"column":75}},"29":{"start":{"line":135,"column":56},"end":{"line":135,"column":74}},"30":{"start":{"line":136,"column":2},"end":{"line":145,"column":5}},"31":{"start":{"line":146,"column":2},"end":{"line":160,"column":5}},"32":{"start":{"line":124,"column":13},"end":{"line":124,"column":34}},"33":{"start":{"line":163,"column":37},"end":{"line":207,"column":2}},"34":{"start":{"line":166,"column":4},"end":{"line":207,"column":2}},"35":{"start":{"line":167,"column":26},"end":{"line":191,"column":4}},"36":{"start":{"line":192,"column":21},"end":{"line":201,"column":4}},"37":{"start":{"line":193,"column":4},"end":{"line":200,"column":6}},"38":{"start":{"line":203,"column":2},"end":{"line":205,"column":5}},"39":{"start":{"line":204,"column":32},"end":{"line":204,"column":63}},"40":{"start":{"line":206,"column":2},"end":{"line":206,"column":20}},"41":{"start":{"line":163,"column":13},"end":{"line":163,"column":37}},"42":{"start":{"line":209,"column":38},"end":{"line":224,"column":2}},"43":{"start":{"line":212,"column":4},"end":{"line":224,"column":2}},"44":{"start":{"line":213,"column":2},"end":{"line":223,"column":20}},"45":{"start":{"line":214,"column":4},"end":{"line":222,"column":7}},"46":{"start":{"line":209,"column":13},"end":{"line":209,"column":38}},"47":{"start":{"line":226,"column":29},"end":{"line":230,"column":2}},"48":{"start":{"line":226,"column":57},"end":{"line":230,"column":2}},"49":{"start":{"line":227,"column":2},"end":{"line":229,"column":5}},"50":{"start":{"line":226,"column":13},"end":{"line":226,"column":29}},"51":{"start":{"line":232,"column":30},"end":{"line":234,"column":2}},"52":{"start":{"line":232,"column":51},"end":{"line":234,"column":2}},"53":{"start":{"line":233,"column":2},"end":{"line":233,"column":55}},"54":{"start":{"line":232,"column":13},"end":{"line":232,"column":30}},"55":{"start":{"line":236,"column":33},"end":{"line":254,"column":2}},"56":{"start":{"line":239,"column":4},"end":{"line":254,"column":2}},"57":{"start":{"line":240,"column":18},"end":{"line":250,"column":4}},"58":{"start":{"line":251,"column":2},"end":{"line":252,"column":null}},"59":{"start":{"line":236,"column":13},"end":{"line":236,"column":33}},"60":{"start":{"line":256,"column":34},"end":{"line":284,"column":2}},"61":{"start":{"line":256,"column":77},"end":{"line":284,"column":2}},"62":{"start":{"line":257,"column":2},"end":{"line":257,"column":65}},"63":{"start":{"line":257,"column":25},"end":{"line":257,"column":65}},"64":{"start":{"line":258,"column":2},"end":{"line":258,"column":73}},"65":{"start":{"line":260,"column":23},"end":{"line":268,"column":4}},"66":{"start":{"line":269,"column":2},"end":{"line":269,"column":40}},"67":{"start":{"line":269,"column":20},"end":{"line":269,"column":40}},"68":{"start":{"line":270,"column":2},"end":{"line":283,"column":5}},"69":{"start":{"line":256,"column":13},"end":{"line":256,"column":34}},"70":{"start":{"line":285,"column":42},"end":{"line":381,"column":2}},"71":{"start":{"line":285,"column":67},"end":{"line":381,"column":2}},"72":{"start":{"line":286,"column":19},"end":{"line":370,"column":4}},"73":{"start":{"line":371,"column":32},"end":{"line":374,"column":4}},"74":{"start":{"line":375,"column":2},"end":{"line":379,"column":null}},"75":{"start":{"line":285,"column":13},"end":{"line":285,"column":42}},"76":{"start":{"line":382,"column":35},"end":{"line":516,"column":2}},"77":{"start":{"line":382,"column":60},"end":{"line":516,"column":2}},"78":{"start":{"line":383,"column":27},"end":{"line":455,"column":4}},"79":{"start":{"line":456,"column":33},"end":{"line":471,"column":5}},"80":{"start":{"line":456,"column":71},"end":{"line":470,"column":null}},"81":{"start":{"line":472,"column":2},"end":{"line":507,"column":5}},"82":{"start":{"line":473,"column":4},"end":{"line":505,"column":5}},"83":{"start":{"line":474,"column":6},"end":{"line":492,"column":7}},"84":{"start":{"line":475,"column":8},"end":{"line":480,"column":10}},"85":{"start":{"line":481,"column":8},"end":{"line":481,"column":38}},"86":{"start":{"line":482,"column":8},"end":{"line":482,"column":37}},"87":{"start":{"line":484,"column":8},"end":{"line":489,"column":10}},"88":{"start":{"line":490,"column":8},"end":{"line":490,"column":35}},"89":{"start":{"line":491,"column":8},"end":{"line":491,"column":40}},"90":{"start":{"line":495,"column":6},"end":{"line":495,"column":36}},"91":{"start":{"line":496,"column":6},"end":{"line":496,"column":38}},"92":{"start":{"line":497,"column":6},"end":{"line":499,"column":7}},"93":{"start":{"line":498,"column":8},"end":{"line":498,"column":51}},"94":{"start":{"line":500,"column":6},"end":{"line":502,"column":7}},"95":{"start":{"line":501,"column":8},"end":{"line":501,"column":51}},"96":{"start":{"line":503,"column":6},"end":{"line":503,"column":36}},"97":{"start":{"line":504,"column":6},"end":{"line":504,"column":36}},"98":{"start":{"line":506,"column":4},"end":{"line":506,"column":40}},"99":{"start":{"line":508,"column":2},"end":{"line":514,"column":5}},"100":{"start":{"line":509,"column":4},"end":{"line":509,"column":34}},"101":{"start":{"line":509,"column":25},"end":{"line":509,"column":34}},"102":{"start":{"line":510,"column":4},"end":{"line":510,"column":35}},"103":{"start":{"line":510,"column":25},"end":{"line":510,"column":35}},"104":{"start":{"line":511,"column":4},"end":{"line":513,"column":6}},"105":{"start":{"line":515,"column":2},"end":{"line":515,"column":17}},"106":{"start":{"line":382,"column":13},"end":{"line":382,"column":35}},"107":{"start":{"line":518,"column":34},"end":{"line":571,"column":2}},"108":{"start":{"line":523,"column":4},"end":{"line":571,"column":2}},"109":{"start":{"line":524,"column":17},"end":{"line":540,"column":4}},"110":{"start":{"line":541,"column":2},"end":{"line":546,"column":5}},"111":{"start":{"line":542,"column":4},"end":{"line":545,"column":5}},"112":{"start":{"line":543,"column":6},"end":{"line":543,"column":31}},"113":{"start":{"line":544,"column":6},"end":{"line":544,"column":35}},"114":{"start":{"line":547,"column":2},"end":{"line":547,"column":34}},"115":{"start":{"line":547,"column":18},"end":{"line":547,"column":34}},"116":{"start":{"line":548,"column":23},"end":{"line":558,"column":4}},"117":{"start":{"line":560,"column":2},"end":{"line":568,"column":3}},"118":{"start":{"line":561,"column":17},"end":{"line":566,"column":6}},"119":{"start":{"line":567,"column":4},"end":{"line":567,"column":47}},"120":{"start":{"line":570,"column":2},"end":{"line":570,"column":39}},"121":{"start":{"line":518,"column":13},"end":{"line":518,"column":34}},"122":{"start":{"line":572,"column":30},"end":{"line":607,"column":2}},"123":{"start":{"line":575,"column":22},"end":{"line":607,"column":2}},"124":{"start":{"line":576,"column":22},"end":{"line":605,"column":4}},"125":{"start":{"line":606,"column":2},"end":{"line":606,"column":34}},"126":{"start":{"line":572,"column":13},"end":{"line":572,"column":30}}},"fnMap":{"0":{"name":"(anonymous_8)","decl":{"start":{"line":32,"column":29},"end":{"line":32,"column":36}},"loc":{"start":{"line":32,"column":49},"end":{"line":53,"column":2}}},"1":{"name":"(anonymous_9)","decl":{"start":{"line":32,"column":49},"end":{"line":32,"column":null}},"loc":{"start":{"line":32,"column":49},"end":{"line":53,"column":1}}},"2":{"name":"(anonymous_10)","decl":{"start":{"line":55,"column":52},"end":{"line":55,"column":59}},"loc":{"start":{"line":55,"column":77},"end":{"line":70,"column":2}}},"3":{"name":"(anonymous_11)","decl":{"start":{"line":55,"column":77},"end":{"line":55,"column":null}},"loc":{"start":{"line":55,"column":77},"end":{"line":70,"column":1}}},"4":{"name":"(anonymous_12)","decl":{"start":{"line":69,"column":31},"end":{"line":69,"column":32}},"loc":{"start":{"line":69,"column":41},"end":{"line":69,"column":62}}},"5":{"name":"(anonymous_13)","decl":{"start":{"line":71,"column":45},"end":{"line":71,"column":52}},"loc":{"start":{"line":71,"column":70},"end":{"line":96,"column":2}}},"6":{"name":"(anonymous_14)","decl":{"start":{"line":71,"column":70},"end":{"line":71,"column":null}},"loc":{"start":{"line":71,"column":70},"end":{"line":96,"column":1}}},"7":{"name":"(anonymous_15)","decl":{"start":{"line":94,"column":4},"end":{"line":94,"column":5}},"loc":{"start":{"line":94,"column":20},"end":{"line":94,"column":65}}},"8":{"name":"(anonymous_16)","decl":{"start":{"line":98,"column":47},"end":{"line":98,"column":54}},"loc":{"start":{"line":98,"column":72},"end":{"line":123,"column":2}}},"9":{"name":"(anonymous_17)","decl":{"start":{"line":98,"column":72},"end":{"line":98,"column":null}},"loc":{"start":{"line":98,"column":72},"end":{"line":123,"column":1}}},"10":{"name":"(anonymous_18)","decl":{"start":{"line":121,"column":4},"end":{"line":121,"column":5}},"loc":{"start":{"line":121,"column":20},"end":{"line":121,"column":67}}},"11":{"name":"(anonymous_19)","decl":{"start":{"line":124,"column":34},"end":{"line":124,"column":null}},"loc":{"start":{"line":127,"column":4},"end":{"line":161,"column":2}}},"12":{"name":"(anonymous_20)","decl":{"start":{"line":127,"column":4},"end":{"line":127,"column":null}},"loc":{"start":{"line":127,"column":4},"end":{"line":161,"column":1}}},"13":{"name":"(anonymous_21)","decl":{"start":{"line":135,"column":42},"end":{"line":135,"column":43}},"loc":{"start":{"line":135,"column":56},"end":{"line":135,"column":74}}},"14":{"name":"(anonymous_22)","decl":{"start":{"line":163,"column":37},"end":{"line":163,"column":null}},"loc":{"start":{"line":166,"column":4},"end":{"line":207,"column":2}}},"15":{"name":"(anonymous_23)","decl":{"start":{"line":166,"column":4},"end":{"line":166,"column":null}},"loc":{"start":{"line":166,"column":4},"end":{"line":207,"column":1}}},"16":{"name":"(anonymous_24)","decl":{"start":{"line":192,"column":41},"end":{"line":192,"column":42}},"loc":{"start":{"line":192,"column":53},"end":{"line":201,"column":3}}},"17":{"name":"(anonymous_25)","decl":{"start":{"line":204,"column":25},"end":{"line":204,"column":26}},"loc":{"start":{"line":204,"column":32},"end":{"line":204,"column":63}}},"18":{"name":"(anonymous_26)","decl":{"start":{"line":209,"column":38},"end":{"line":209,"column":null}},"loc":{"start":{"line":212,"column":4},"end":{"line":224,"column":2}}},"19":{"name":"(anonymous_27)","decl":{"start":{"line":212,"column":4},"end":{"line":212,"column":null}},"loc":{"start":{"line":212,"column":4},"end":{"line":224,"column":1}}},"20":{"name":"(anonymous_28)","decl":{"start":{"line":226,"column":29},"end":{"line":226,"column":36}},"loc":{"start":{"line":226,"column":57},"end":{"line":230,"column":2}}},"21":{"name":"(anonymous_29)","decl":{"start":{"line":226,"column":57},"end":{"line":226,"column":null}},"loc":{"start":{"line":226,"column":57},"end":{"line":230,"column":1}}},"22":{"name":"(anonymous_30)","decl":{"start":{"line":232,"column":30},"end":{"line":232,"column":37}},"loc":{"start":{"line":232,"column":51},"end":{"line":234,"column":2}}},"23":{"name":"(anonymous_31)","decl":{"start":{"line":232,"column":51},"end":{"line":232,"column":null}},"loc":{"start":{"line":232,"column":51},"end":{"line":234,"column":1}}},"24":{"name":"(anonymous_32)","decl":{"start":{"line":236,"column":33},"end":{"line":236,"column":null}},"loc":{"start":{"line":239,"column":4},"end":{"line":254,"column":2}}},"25":{"name":"(anonymous_33)","decl":{"start":{"line":239,"column":4},"end":{"line":239,"column":null}},"loc":{"start":{"line":239,"column":4},"end":{"line":254,"column":1}}},"26":{"name":"(anonymous_34)","decl":{"start":{"line":256,"column":34},"end":{"line":256,"column":41}},"loc":{"start":{"line":256,"column":77},"end":{"line":284,"column":2}}},"27":{"name":"(anonymous_35)","decl":{"start":{"line":256,"column":77},"end":{"line":256,"column":null}},"loc":{"start":{"line":256,"column":77},"end":{"line":284,"column":1}}},"28":{"name":"(anonymous_36)","decl":{"start":{"line":285,"column":42},"end":{"line":285,"column":49}},"loc":{"start":{"line":285,"column":67},"end":{"line":381,"column":2}}},"29":{"name":"(anonymous_37)","decl":{"start":{"line":285,"column":67},"end":{"line":285,"column":null}},"loc":{"start":{"line":285,"column":67},"end":{"line":381,"column":1}}},"30":{"name":"(anonymous_38)","decl":{"start":{"line":382,"column":35},"end":{"line":382,"column":42}},"loc":{"start":{"line":382,"column":60},"end":{"line":516,"column":2}}},"31":{"name":"(anonymous_39)","decl":{"start":{"line":382,"column":60},"end":{"line":382,"column":null}},"loc":{"start":{"line":382,"column":60},"end":{"line":516,"column":1}}},"32":{"name":"(anonymous_40)","decl":{"start":{"line":456,"column":54},"end":{"line":456,"column":55}},"loc":{"start":{"line":456,"column":71},"end":{"line":470,"column":null}}},"33":{"name":"(anonymous_41)","decl":{"start":{"line":472,"column":18},"end":{"line":472,"column":19}},"loc":{"start":{"line":472,"column":34},"end":{"line":507,"column":3}}},"34":{"name":"(anonymous_42)","decl":{"start":{"line":508,"column":15},"end":{"line":508,"column":16}},"loc":{"start":{"line":508,"column":26},"end":{"line":514,"column":3}}},"35":{"name":"(anonymous_43)","decl":{"start":{"line":518,"column":34},"end":{"line":518,"column":null}},"loc":{"start":{"line":523,"column":4},"end":{"line":571,"column":2}}},"36":{"name":"(anonymous_44)","decl":{"start":{"line":523,"column":4},"end":{"line":523,"column":null}},"loc":{"start":{"line":523,"column":4},"end":{
[...]
":{"name":"(anonymous_19)","decl":{"start":{"line":223,"column":78},"end":{"line":223,"column":null}},"loc":{"start":{"line":223,"column":78},"end":{"line":263,"column":3}}},"12":{"name":"(anonymous_20)","decl":{"start":{"line":267,"column":2},"end":{"line":267,"column":null}},"loc":{"start":{"line":271,"column":6},"end":{"line":283,"column":null}}},"13":{"name":"(anonymous_21)","decl":{"start":{"line":271,"column":6},"end":{"line":271,"column":null}},"loc":{"start":{"line":271,"column":6},"end":{"line":283,"column":3}}},"14":{"name":"(anonymous_22)","decl":{"start":{"line":277,"column":28},"end":{"line":277,"column":29}},"loc":{"start":{"line":277,"column":36},"end":{"line":282,"column":5}}},"15":{"name":"(anonymous_23)","decl":{"start":{"line":298,"column":2},"end":{"line":298,"column":9}},"loc":{"start":{"line":298,"column":63},"end":{"line":316,"column":null}}},"16":{"name":"(anonymous_24)","decl":{"start":{"line":298,"column":63},"end":{"line":298,"column":null}},"loc":{"start":{"line":298,"column":63},"end":{"line":316,"column":3}}},"17":{"name":"(anonymous_25)","decl":{"start":{"line":308,"column":29},"end":{"line":308,"column":30}},"loc":{"start":{"line":308,"column":41},"end":{"line":308,"column":71}}},"18":{"name":"(anonymous_26)","decl":{"start":{"line":320,"column":29},"end":{"line":320,"column":36}},"loc":{"start":{"line":320,"column":73},"end":{"line":327,"column":2}}},"19":{"name":"(anonymous_27)","decl":{"start":{"line":320,"column":73},"end":{"line":320,"column":null}},"loc":{"start":{"line":320,"column":73},"end":{"line":327,"column":1}}},"20":{"name":"(anonymous_28)","decl":{"start":{"line":330,"column":27},"end":{"line":330,"column":null}},"loc":{"start":{"line":333,"column":4},"end":{"line":339,"column":1}}},"21":{"name":"(anonymous_29)","decl":{"start":{"line":334,"column":23},"end":{"line":334,"column":24}},"loc":{"start":{"line":334,"column":41},"end":{"line":338,"column":3}}},"22":{"name":"(anonymous_30)","decl":{"start":{"line":342,"column":2},"end":{"line":342,"column":9}},"loc":{"start":{"line":342,"column":29},"end":{"line":349,"column":null}}},"23":{"name":"(anonymous_31)","decl":{"start":{"line":342,"column":29},"end":{"line":342,"column":null}},"loc":{"start":{"line":342,"column":29},"end":{"line":349,"column":3}}},"24":{"name":"(anonymous_32)","decl":{"start":{"line":352,"column":33},"end":{"line":352,"column":36}},"loc":{"start":{"line":352,"column":38},"end":{"line":360,"column":1}}},"25":{"name":"(anonymous_33)","decl":{"start":{"line":354,"column":31},"end":{"line":354,"column":32}},"loc":{"start":{"line":354,"column":42},"end":{"line":359,"column":5}}},"26":{"name":"(anonymous_34)","decl":{"start":{"line":355,"column":39},"end":{"line":355,"column":40}},"loc":{"start":{"line":355,"column":45},"end":{"line":358,"column":7}}},"27":{"name":"(anonymous_35)","decl":{"start":{"line":361,"column":40},"end":{"line":361,"column":41}},"loc":{"start":{"line":361,"column":59},"end":{"line":392,"column":1}}},"28":{"name":"(anonymous_36)","decl":{"start":{"line":364,"column":4},"end":{"line":364,"column":11}},"loc":{"start":{"line":364,"column":68},"end":{"line":366,"column":null}}},"29":{"name":"(anonymous_37)","decl":{"start":{"line":364,"column":68},"end":{"line":364,"column":null}},"loc":{"start":{"line":364,"column":68},"end":{"line":366,"column":5}}},"30":{"name":"(anonymous_38)","decl":{"start":{"line":370,"column":4},"end":{"line":370,"column":11}},"loc":{"start":{"line":370,"column":65},"end":{"line":372,"column":null}}},"31":{"name":"(anonymous_39)","decl":{"start":{"line":370,"column":65},"end":{"line":370,"column":null}},"loc":{"start":{"line":370,"column":65},"end":{"line":372,"column":5}}},"32":{"name":"(anonymous_40)","decl":{"start":{"line":376,"column":4},"end":{"line":376,"column":11}},"loc":{"start":{"line":376,"column":65},"end":{"line":378,"column":null}}},"33":{"name":"(anonymous_41)","decl":{"start":{"line":376,"column":65},"end":{"line":376,"column":null}},"loc":{"start":{"line":376,"column":65},"end":{"line":378,"column":5}}},"34":{"name":"(anonymous_42)","decl":{"start":{"line":382,"column":4},"end":{"line":382,"column":null}},"loc":{"start":{"line":385,"column":8},"end":{"line":387,"column":null}}},"35":{"name":"(anonymous_43)","decl":{"start":{"line":385,"column":8},"end":{"line":385,"column":null}},"loc":{"start":{"line":385,"column":8},"end":{"line":387,"column":5}}},"36":{"name":"(anonymous_44)","decl":{"start":{"line":389,"column":26},"end":{"line":389,"column":35}},"loc":{"start":{"line":389,"column":37},"end":{"line":391,"column":4}}},"37":{"name":"(anonymous_45)","decl":{"start":{"line":389,"column":37},"end":{"line":389,"column":null}},"loc":{"start":{"line":389,"column":37},"end":{"line":391,"column":3}}}},"branchMap":{"0":{"loc":{"start":{"line":45,"column":4},"end":{"line":52,"column":5}},"type":"if","locations":[{"start":{"line":45,"column":4},"end":{"line":52,"column":5}}]},"1":{"loc":{"start":{"line":46,"column":6},"end":{"line":50,"column":11}},"type":"if","locations":[{"start":{"line":46,"column":6},"end":{"line":50,"column":11}}]},"2":{"loc":{"start":{"line":53,"column":4},"end":{"line":58,"column":5}},"type":"if","locations":[{"start":{"line":53,"column":4},"end":{"line":58,"column":5}}]},"3":{"loc":{"start":{"line":59,"column":4},"end":{"line":75,"column":5}},"type":"if","locations":[{"start":{"line":59,"column":4},"end":{"line":75,"column":5}}]},"4":{"loc":{"start":{"line":78,"column":4},"end":{"line":91,"column":5}},"type":"if","locations":[{"start":{"line":78,"column":4},"end":{"line":91,"column":5}}]},"5":{"loc":{"start":{"line":80,"column":6},"end":{"line":90,"column":7}},"type":"if","locations":[{"start":{"line":80,"column":6},"end":{"line":90,"column":7}}]},"6":{"loc":{"start":{"line":81,"column":8},"end":{"line":83,"column":39}},"type":"binary-expr","locations":[{"start":{"line":81,"column":8},"end":{"line":81,"column":19}},{"start":{"line":82,"column":8},"end":{"line":82,"column":58}},{"start":{"line":83,"column":8},"end":{"line":83,"column":39}}]},"7":{"loc":{"start":{"line":94,"column":4},"end":{"line":113,"column":7}},"type":"if","locations":[{"start":{"line":94,"column":4},"end":{"line":113,"column":7}}]},"8":{"loc":{"start":{"line":95,"column":6},"end":{"line":113,"column":7}},"type":"if","locations":[{"start":{"line":95,"column":6},"end":{"line":113,"column":7}},{"start":{"line":104,"column":13},"end":{"line":113,"column":7}}]},"9":{"loc":{"start":{"line":104,"column":13},"end":{"line":113,"column":7}},"type":"if","locations":[{"start":{"line":104,"column":13},"end":{"line":113,"column":7}},{"start":{"line":111,"column":13},"end":{"line":113,"column":7}}]},"10":{"loc":{"start":{"line":116,"column":16},"end":{"line":116,"column":42}},"type":"binary-expr","locations":[{"start":{"line":116,"column":16},"end":{"line":116,"column":27}},{"start":{"line":116,"column":31},"end":{"line":116,"column":42}}]},"11":{"loc":{"start":{"line":118,"column":35},"end":{"line":118,"column":69}},"type":"binary-expr","locations":[{"start":{"line":118,"column":35},"end":{"line":118,"column":63}},{"start":{"line":118,"column":67},"end":{"line":118,"column":69}}]},"12":{"loc":{"start":{"line":120,"column":6},"end":{"line":126,"column":7}},"type":"if","locations":[{"start":{"line":120,"column":6},"end":{"line":126,"column":7}}]},"13":{"loc":{"start":{"line":128,"column":4},"end":{"line":128,"column":28}},"type":"if","locations":[{"start":{"line":128,"column":4},"end":{"line":128,"column":28}}]},"14":{"loc":{"start":{"line":144,"column":4},"end":{"line":153,"column":5}},"type":"if","locations":[{"start":{"line":144,"column":4},"end":{"line":153,"column":5}},{"start":{"line":149,"column":11},"end":{"line":153,"column":5}}]},"15":{"loc":{"start":{"line":161,"column":4},"end":{"line":174,"column":5}},"type":"if","locations":[{"start":{"line":161,"column":4},"end":{"line":174,"column":5}}]},"16":{"loc":{"start":{"line":166,"column":8},"end":{"line":172,"column":9}},"type":"if","locations":[{"start":{"line":166,"column":8},"end":{"line":172,"column":9}}]},"17":{"loc":{"start":{"line":166,"column":12},"end":{"line":166,"column":72}},"type":"binary-expr","locations":[{"start":{"line":166,"column":12},"end":{"line":166,"column":39}},{"start":{"line":166,"column":43},"end":{"line":166,"column":72}}]},"18":{"loc":{"start":{"line":188,"column":4},"end":{"line":195,"column":5}},"type":"if","locations":[{"start":{"line":188,"column":4},"end":{"line":195,"column":5}}]},"19":{"loc":{"start":{"line":208,"column":4},"end":{"line":211,"column":5}},"type":"if","locations":[{"start":{"line":208,"column":4},"end":{"line":211,"column":5}}]},"20":{"loc":{"start":{"line":208,"column":8},"end":{"line":208,"column":47}},"type":"binary-expr","locations":[{"start":{"line":208,"column":8},"end":{"line":208,"column":16}},{"start":{"line":208,"column":20},"end":{"line":208,"column":47}}]},"21":{"loc":{"start":{"line":209,"column":6},"end":{"line":209,"column":66}},"type":"if","locations":[{"start":{"line":209,"column":6},"end":{"line":209,"column":66}}]},"22":{"loc":{"start":{"line":213,"column":4},"end":{"line":213,"column":65}},"type":"if","locations":[{"start":{"line":213,"column":4},"end":{"line":213,"column":65}}]},"23":{"loc":{"start":{"line":226,"column":4},"end":{"line":228,"column":5}},"type":"if","locations":[{"start":{"line":226,"column":4},"end":{"line":228,"column":5}}]},"24":{"loc":{"start":{"line":230,"column":4},"end":{"line":234,"column":5}},"type":"if","locations":[{"start":{"line":230,"column":4},"end":{"line":234,"column":5}}]},"25":{"loc":{"start":{"line":230,"column":8},"end":{"line":230,"column":47}},"type":"binary-expr","locations":[{"start":{"line":230,"column":8},"end":{"line":230,"column":16}},{"start":{"line":230,"column":20},"end":{"line":230,"column":47}}]},"26":{"loc":{"start":{"line":231,"column":6},"end":{"line":231,"column":66}},"type":"if","locations":[{"start":{"line":231,"column":6},"end":{"line":231,"column":66}}]},"27":{"loc":{"start":{"line":236,"column":4},"end":{"line":246,"column":5}},"type":"if","locations":[{"start":{"line":236,"column":4},"end":{"line":246,"column":5}}]},"28":{"loc":{"start":{"line":237,"column":6},"end":{"line":239,"column":7}},"type":"if","locations":[{"start":{"line":237,"column":6},"end":{"line":239,"column":7}}]},"29":{"loc":{"start":{"line":240,"column":6},"end":{"line":245,"column":7}},"type":"if","locations":[{"start":{"line":240,"column":6},"end":{"line":245,"column":7}},{"start":{"line":243,"column":13},"end":{"line":245,"column":7}}]},"30":{"loc":{"start":{"line":252,"column":4},"end":{"line":258,"column":5}},"type":"if","locations":[{"start":{"line":252,"column":4},"end":{"line":258,"column":5}}]},"31":{"loc":{"start":{"line":353,"column":2},"end":{"line":359,"column":7}},"type":"if","locations":[{"start":{"line":353,"column":2},"end":{"line":359,"column":7}}]}},"s":{"0":3,"1":3,"2":3,"3":3,"4":3,"5":3,"6":3,"7":3,"8":3,"9":3,"10":6,"11":6,"12":6,"13":1,"14":1,"15":1,"16":5,"17":1,"18":1,"19":4,"20":1,"21":1,"22":0,"23":0,"24":0,"25":3,"26":0,"27":0,"28":0,"29":0,"30":0,"31":3,"32":3,"33":0,"34":0,"35":0,"36":0,"37":0,"38":3,"39":3,"40":0,"41":3,"42":3,"43":0,"44":0,"45":0,"46":0,"47":3,"48":0,"49":3,"50":0,"51":3,"52":3,"53":3,"54":3,"55":1,"56":1,"57":2,"58":3,"59":1,"60":1,"61":1,"62":0,"63":0,"64":0,"65":0,"66":0,"67":0,"68":1,"69":1,"70":1,"71":0,"72":3,"73":0,"74":0,"75":0,"76":0,"77":0,"78":0,"79":0,"80":0,"81":0,"82":0,"83":0,"84":0,"85":3,"86":0,"87":0,"88":0,"89":0,"90":0,"91":0,"92":0,"93":0,"94":0,"95":0,"96":0,"97":0,"98":0,"99":0,"100":0,"101":0,"102":0,"103":0,"104":0,"105":0,"106":0,"107":0,"108":0,"109":0,"110":3,"111":0,"112":0,"113":0,"114":0,"115":0,"116":3,"117":0,"118":0,"119":0,"120":0,"121":0,"122":0,"123":0,"124":0,"125":0,"126":0,"127":0,"128":0,"129":0,"130":0,"131":3,"132":0,"133":0,"134":0,"135":3,"136":0,"137":0,"138":3,"139":0,"140":0,"141":0,"142":0,"143":3,"144":0,"145":0,"146":0,"147":0,"148":0,"149":3,"150":3,"151":0,"152":0,"153":0,"154":0,"155":0,"156":0,"157":0,"158":0,"159":0,"160":0,"161":0,"162":0,"163":0,"164":0,"165":0,"166":3},"f":{"0":6,"1":6,"2":0,"3":0,"4":0,"5":0,"6":0,"7":0,"8":0,"9":0,"10":0,"11":0,"12":0,"13":0,"14":0,"15":0,"16":0,"17":0,"18":0,"19":0,"20":0,"21":0,"22":0,"23":0,"24":0,"25":0,"26":0,"27":0,"28":0,"29":0,"30":0,"31":0,"32":0,"33":0,"34":0,"35":0,"36":0,"37":0},"b":{"0":[1],"1":[1],"2":[1],"3":[1],"4":[0],"5":[0],"6":[0,0,0],"7":[0],"8":[0,0],"9":[0,0],"10":[0,0],"11":[3,3],"12":[0],"13":[0],"14":[1,2],"15":[0],"16":[0],"17":[0,0],"18":[1],"19":[0],"20":[0,0],"21":[0],"22":[0],"23":[0],"24":[0],"25":[0,0],"26":[0],"27":[0],"28":[0],"29":[0,0],"30":[0],"31":[0]}}
,"/home/abdelarhamn/Documents/projects/telegram-project/back/src/third_party_services/Firebase.ts": {"path":"/home/abdelarhamn/Documents/projects/telegram-project/back/src/third_party_services/Firebase.ts","statementMap":{"0":{"start":{"line":1,"column":0},"end":{"line":1,"column":null}},"1":{"start":{"line":8,"column":13},"end":{"line":8,"column":33}},"2":{"start":{"line":9,"column":0},"end":{"line":9,"column":36}},"3":{"start":{"line":11,"column":36},"end":{"line":36,"column":2}},"4":{"start":{"line":13,"column":21},"end":{"line":36,"column":2}},"5":{"start":{"line":14,"column":2},"end":{"line":35,"column":3}},"6":{"start":{"line":15,"column":23},"end":{"line":15,"column":90}},"7":{"start":{"line":16,"column":4},"end":{"line":16,"column":52}},"8":{"start":{"line":19,"column":23},"end":{"line":19,"column":59}},"9":{"start":{"line":20,"column":4},"end":{"line":20,"column":48}},"10":{"start":{"line":22,"column":23},"end":{"line":22,"column":64}},"11":{"start":{"line":23,"column":4},"end":{"line":23,"column":58}},"12":{"start":{"line":25,"column":4},"end":{"line":25,"column":46}},"13":{"start":{"line":26,"column":4},"end":{"line":26,"column":47}},"14":{"start":{"line":28,"column":24},"end":{"line":28,"column":56}},"15":{"start":{"line":29,"column":4},"end":{"line":29,"column":55}},"16":{"start":{"line":31,"column":4},"end":{"line":31,"column":23}},"17":{"start":{"line":33,"column":4},"end":{"line":33,"column":59}},"18":{"start":{"line":34,"column":4},"end":{"line":34,"column":16}},"19":{"start":{"line":11,"column":13},"end":{"line":11,"column":36}},"20":{"start":{"line":38,"column":38},"end":{"line":52,"column":2}},"21":{"start":{"line":40,"column":19},"end":{"line":52,"column":2}},"22":{"start":{"line":41,"column":2},"end":{"line":51,"column":3}},"23":{"start":{"line":43,"column":21},"end":{"line":43,"column":78}},"24":{"start":{"line":45,"column":20},"end":{"line":45,"column":42}},"25":{"start":{"line":47,"column":4},"end":{"line":47,"column":32}},"26":{"start":{"line":48,"column":4},"end":{"line":48,"column":58}},"27":{"start":{"line":50,"column":4},"end":{"line":50,"column":49}},"28":{"start":{"line":38,"column":13},"end":{"line":38,"column":38}}},"fnMap":{"0":{"name":"(anonymous_7)","decl":{"start":{"line":11,"column":36},"end":{"line":11,"column":null}},"loc":{"start":{"line":13,"column":21},"end":{"line":36,"column":2}}},"1":{"name":"(anonymous_8)","decl":{"start":{"line":13,"column":21},"end":{"line":13,"column":null}},"loc":{"start":{"line":13,"column":21},"end":{"line":36,"column":1}}},"2":{"name":"(anonymous_9)","decl":{"start":{"line":38,"column":38},"end":{"line":38,"column":null}},"loc":{"start":{"line":40,"column":19},"end":{"line":52,"column":2}}},"3":{"name":"(anonymous_10)","decl":{"start":{"line":40,"column":19},"end":{"line":40,"column":null}},"loc":{"start":{"line":40,"column":19},"end":{"line":52,"column":1}}}},"branchMap":{},"s":{"0":1,"1":1,"2":1,"3":1,"4":0,"5":0,"6":0,"7":0,"8":0,"9":0,"10":0,"11":0,"12":0,"13":0,"14":0,"15":0,"16":0,"17":0,"18":0,"19":1,"20":1,"21":0,"22":0,"23":0,"24":0,"25":0,"26":0,"27":0,"28":1},"f":{"0":0,"1":0,"2":0,"3":0},"b":{}}
,"/home/abdelarhamn/Documents/projects/telegram-project/back/src/third_party_services/index.ts": {"path":"/home/abdelarhamn/Documents/projects/telegram-project/back/src/third_party_services/index.ts","statementMap":{"0":{"start":{"line":2,"column":0},"end":{"line":2,"column":27}}},"fnMap":{},"branchMap":{},"s":{"0":3},"f":{},"b":{}}
,"/home/abdelarhamn/Documents/projects/telegram-project/back/src/utility/CatchAsync.ts": {"path":"/home/abdelarhamn/Documents/projects/telegram-project/back/src/utility/CatchAsync.ts","statementMap":{"0":{"start":{"line":3,"column":0},"end":{"line":3,"column":30}},"1":{"start":{"line":6,"column":26},"end":{"line":12,"column":1}},"2":{"start":{"line":9,"column":2},"end":{"line":11,"column":4}},"3":{"start":{"line":9,"column":67},"end":{"line":11,"column":4}},"4":{"start":{"line":10,"column":4},"end":{"line":10,"column":41}},"5":{"start":{"line":6,"column":13},"end":{"line":6,"column":26}},"6":{"start":{"line":13,"column":32},"end":{"line":27,"column":1}},"7":{"start":{"line":14,"column":2},"end":{"line":26,"column":4}},"8":{"start":{"line":18,"column":6},"end":{"line":26,"column":4}},"9":{"start":{"line":19,"column":4},"end":{"line":25,"column":5}},"10":{"start":{"line":20,"column":6},"end":{"line":20,"column":39}},"11":{"start":{"line":22,"column":6},"end":{"line":22,"column":32}},"12":{"start":{"line":22,"column":20},"end":{"line":22,"column":32}},"13":{"start":{"line":23,"column":6},"end":{"line":23,"column":21}},"14":{"start":{"line":24,"column":6},"end":{"line":24,"column":22}},"15":{"start":{"line":13,"column":13},"end":{"line":13,"column":32}}},"fnMap":{"0":{"name":"(anonymous_8)","decl":{"start":{"line":6,"column":26},"end":{"line":6,"column":null}},"loc":{"start":{"line":8,"column":4},"end":{"line":12,"column":1}}},"1":{"name":"(anonymous_9)","decl":{"start":{"line":9,"column":9},"end":{"line":9,"column":16}},"loc":{"start":{"line":9,"column":67},"end":{"line":11,"column":4}}},"2":{"name":"(anonymous_10)","decl":{"start":{"line":9,"column":67},"end":{"line":9,"column":null}},"loc":{"start":{"line":9,"column":67},"end":{"line":11,"column":3}}},"3":{"name":"(anonymous_11)","decl":{"start":{"line":13,"column":32},"end":{"line":13,"column":33}},"loc":{"start":{"line":13,"column":44},"end":{"line":27,"column":1}}},"4":{"name":"(anonymous_12)","decl":{"start":{"line":14,"column":9},"end":{"line":14,"column":null}},"loc":{"start":{"line":18,"column":6},"end":{"line":26,"column":4}}},"5":{"name":"(anonymous_13)","decl":{"start":{"line":18,"column":6},"end":{"line":18,"column":null}},"loc":{"start":{"line":18,"column":6},"end":{"line":26,"column":3}}}},"branchMap":{"0":{"loc":{"start":{"line":22,"column":6},"end":{"line":22,"column":32}},"type":"if","locations":[{"start":{"line":22,"column":6},"end":{"line":22,"column":32}}]}},"s":{"0":3,"1":3,"2":0,"3":0,"4":0,"5":3,"6":3,"7":18,"8":6,"9":6,"10":6,"11":3,"12":3,"13":3,"14":3,"15":3},"f":{"0":0,"1":0,"2":0,"3":18,"4":6,"5":6},"b":{"0":[3]}}
,"/home/abdelarhamn/Documents/projects/telegram-project/back/src/utility/index.ts": {"path":"/home/abdelarhamn/Documents/projects/telegram-project/back/src/utility/index.ts","statementMap":{"0":{"start":{"line":1,"column":0},"end":{"line":1,"column":29}},"1":{"start":{"line":2,"column":0},"end":{"line":2,"column":27}}},"fnMap":{},"branchMap":{},"s":{"0":3,"1":3},"f":{},"b":{}}
,"/home/abdelarhamn/Documents/projects/telegram-project/back/src/utility/logger.ts": {"path":"/home/abdelarhamn/Documents/projects/telegram-project/back/src/utility/logger.ts","statementMap":{"0":{"start":{"line":1,"column":0},"end":{"line":1,"column":59}},"1":{"start":{"line":4,"column":18},"end":{"line":6,"column":2}},"2":{"start":{"line":5,"column":2},"end":{"line":5,"column":47}},"3":{"start":{"line":8,"column":15},"end":{"line":15,"column":2}},"4":{"start":{"line":17,"column":0},"end":{"line":21,"column":2}},"5":{"start":{"line":23,"column":0},"end":{"line":23,"column":22}}},"fnMap":{"0":{"name":"(anonymous_0)","decl":{"start":{"line":4,"column":32},"end":{"line":4,"column":33}},"loc":{"start":{"line":4,"column":66},"end":{"line":6,"column":1}}}},"branchMap":{},"s":{"0":1,"1":1,"2":0,"3":1,"4":1,"5":1},"f":{"0":0},"b":{}}
}
