TN:
SF:src\config\firebase.ts
FNF:0
FNH:0
DA:1,6
DA:2,6
DA:10,6
DA:21,6
DA:22,6
DA:24,6
LF:6
LH:6
BRF:0
BRH:0
end_of_record
TN:
SF:src\config\index.ts
FNF:0
FNH:0
DA:2,6
LF:1
LH:1
BRF:0
BRH:0
end_of_record
TN:
SF:src\controllers\groupController.ts
FN:6,(anonymous_13)
FN:6,(anonymous_14)
FN:19,(anonymous_15)
FN:19,(anonymous_16)
FN:32,(anonymous_17)
FN:32,(anonymous_18)
FN:53,(anonymous_19)
FN:53,(anonymous_20)
FN:68,(anonymous_21)
FN:68,(anonymous_22)
FN:83,(anonymous_23)
FN:83,(anonymous_24)
FNF:12
FNH:12
FNDA:2,(anonymous_13)
FNDA:2,(anonymous_14)
FNDA:2,(anonymous_15)
FNDA:2,(anonymous_16)
FNDA:2,(anonymous_17)
FNDA:2,(anonymous_18)
FNDA:2,(anonymous_19)
FNDA:2,(anonymous_20)
FNDA:2,(anonymous_21)
FNDA:2,(anonymous_22)
FNDA:2,(anonymous_23)
FNDA:2,(anonymous_24)
DA:2,1
DA:3,1
DA:5,1
DA:6,2
DA:7,2
DA:8,1
DA:18,1
DA:19,2
DA:20,2
DA:21,2
DA:22,1
DA:31,1
DA:32,2
DA:33,2
DA:34,2
DA:35,2
DA:43,1
DA:52,1
DA:53,2
DA:55,2
DA:56,2
DA:57,2
DA:58,1
DA:67,1
DA:68,2
DA:70,2
DA:71,2
DA:72,2
DA:73,1
DA:82,1
DA:83,2
DA:84,2
DA:85,2
DA:86,2
DA:88,1
LF:35
LH:35
BRF:0
BRH:0
end_of_record
TN:
SF:src\controllers\groupMemberController.ts
FN:8,(anonymous_13)
FN:8,(anonymous_14)
FN:36,(anonymous_15)
FN:36,(anonymous_16)
FN:62,(anonymous_17)
FN:62,(anonymous_18)
FN:82,(anonymous_19)
FN:82,(anonymous_20)
FN:108,(anonymous_21)
FN:108,(anonymous_22)
FNF:10
FNH:10
FNDA:2,(anonymous_13)
FNDA:2,(anonymous_14)
FNDA:2,(anonymous_15)
FNDA:2,(anonymous_16)
FNDA:1,(anonymous_17)
FNDA:1,(anonymous_18)
FNDA:2,(anonymous_19)
FNDA:2,(anonymous_20)
FNDA:1,(anonymous_21)
FNDA:1,(anonymous_22)
DA:2,1
DA:3,1
DA:5,1
DA:7,1
DA:8,2
DA:10,2
DA:11,2
DA:13,2
DA:23,1
DA:25,1
DA:35,1
DA:36,2
DA:38,2
DA:39,2
DA:40,2
DA:42,1
DA:43,1
DA:45,1
DA:52,1
DA:61,1
DA:62,1
DA:63,1
DA:64,1
DA:65,1
DA:70,1
DA:72,0
DA:81,1
DA:82,2
DA:84,2
DA:85,2
DA:87,2
DA:89,1
DA:91,1
DA:98,1
DA:107,1
DA:108,1
DA:111,1
DA:112,1
DA:114,1
DA:115,0
DA:117,0
DA:119,0
LF:42
LH:38
BRF:0
BRH:0
end_of_record
TN:
SF:src\repositories\adminRepository.ts
FN:4,(anonymous_8)
FN:14,(anonymous_9)
FN:29,(anonymous_10)
FN:35,(anonymous_11)
FN:47,(anonymous_12)
FN:49,(anonymous_13)
FN:59,(anonymous_14)
FN:66,(anonymous_15)
FNF:8
FNH:0
FNDA:0,(anonymous_8)
FNDA:0,(anonymous_9)
FNDA:0,(anonymous_10)
FNDA:0,(anonymous_11)
FNDA:0,(anonymous_12)
FNDA:0,(anonymous_13)
FNDA:0,(anonymous_14)
FNDA:0,(anonymous_15)
DA:1,4
DA:4,4
DA:14,0
DA:15,0
DA:29,4
DA:35,0
DA:36,0
DA:47,4
DA:49,0
DA:50,0
DA:59,4
DA:66,0
DA:67,0
LF:13
LH:5
BRF:0
BRH:0
end_of_record
TN:
SF:src\repositories\channelMemberRepository.ts
FN:5,(anonymous_8)
FN:5,(anonymous_9)
FN:20,(anonymous_10)
FN:20,(anonymous_11)
FN:41,(anonymous_12)
FN:41,(anonymous_13)
FN:57,(anonymous_14)
FN:61,(anonymous_15)
FN:72,(anonymous_16)
FN:76,(anonymous_17)
FN:88,(anonymous_18)
FN:92,(anonymous_19)
FN:103,(anonymous_20)
FN:105,(anonymous_21)
FNF:14
FNH:0
FNDA:0,(anonymous_8)
FNDA:0,(anonymous_9)
FNDA:0,(anonymous_10)
FNDA:0,(anonymous_11)
FNDA:0,(anonymous_12)
FNDA:0,(anonymous_13)
FNDA:0,(anonymous_14)
FNDA:0,(anonymous_15)
FNDA:0,(anonymous_16)
FNDA:0,(anonymous_17)
FNDA:0,(anonymous_18)
FNDA:0,(anonymous_19)
FNDA:0,(anonymous_20)
FNDA:0,(anonymous_21)
DA:1,3
DA:5,3
DA:6,0
DA:20,3
DA:21,0
DA:41,3
DA:42,0
DA:57,3
DA:61,0
DA:62,0
DA:72,3
DA:76,0
DA:77,0
DA:88,3
DA:92,0
DA:93,0
DA:103,3
DA:105,0
DA:106,0
LF:19
LH:8
BRF:0
BRH:0
end_of_record
TN:
SF:src\repositories\channelRepository.ts
FN:5,(anonymous_7)
FN:5,(anonymous_8)
FN:25,(anonymous_9)
FN:31,(anonymous_10)
FN:60,(anonymous_11)
FN:66,(anonymous_12)
FN:118,(anonymous_13)
FN:121,(anonymous_14)
FN:168,(anonymous_15)
FN:170,(anonymous_16)
FNF:10
FNH:0
FNDA:0,(anonymous_7)
FNDA:0,(anonymous_8)
FNDA:0,(anonymous_9)
FNDA:0,(anonymous_10)
FNDA:0,(anonymous_11)
FNDA:0,(anonymous_12)
FNDA:0,(anonymous_13)
FNDA:0,(anonymous_14)
FNDA:0,(anonymous_15)
FNDA:0,(anonymous_16)
DA:1,3
DA:2,3
DA:3,3
DA:5,3
DA:6,0
DA:25,3
DA:31,0
DA:36,0
DA:53,0
DA:54,0
DA:57,0
DA:60,3
DA:66,0
DA:67,0
DA:68,0
DA:69,0
DA:71,0
DA:72,0
DA:73,0
DA:75,0
DA:76,0
DA:84,0
DA:91,0
DA:98,0
DA:115,0
DA:118,3
DA:121,0
DA:122,0
DA:123,0
DA:128,0
DA:142,0
DA:143,0
DA:146,0
DA:147,0
DA:156,0
DA:157,0
DA:165,0
DA:168,3
DA:170,0
DA:174,0
DA:186,0
DA:187,0
DA:190,0
DA:195,0
LF:44
LH:8
BRDA:53,0,0,0
BRDA:53,1,0,0
BRDA:53,1,1,0
BRDA:68,2,0,0
BRDA:71,3,0,0
BRDA:72,4,0,0
BRDA:75,5,0,0
BRDA:122,6,0,0
BRDA:122,7,0,0
BRDA:122,7,1,0
BRDA:122,7,2,0
BRDA:142,8,0,0
BRDA:142,9,0,0
BRDA:142,9,1,0
BRDA:146,10,0,0
BRDA:146,11,0,0
BRDA:146,11,1,0
BRDA:156,12,0,0
BRDA:186,13,0,0
BRDA:186,14,0,0
BRDA:186,14,1,0
BRF:21
BRH:0
end_of_record
TN:
SF:src\repositories\groupMemberRepository.ts
FN:5,(anonymous_8)
FN:5,(anonymous_9)
FN:23,(anonymous_10)
FN:23,(anonymous_11)
FN:38,(anonymous_12)
FN:38,(anonymous_13)
FN:60,(anonymous_14)
FN:60,(anonymous_15)
FN:77,(anonymous_16)
FN:81,(anonymous_17)
FN:92,(anonymous_18)
FN:96,(anonymous_19)
FN:108,(anonymous_20)
FN:112,(anonymous_21)
FN:124,(anonymous_22)
FN:124,(anonymous_23)
FNF:16
FNH:16
FNDA:2,(anonymous_8)
FNDA:2,(anonymous_9)
FNDA:1,(anonymous_10)
FNDA:1,(anonymous_11)
FNDA:1,(anonymous_12)
FNDA:1,(anonymous_13)
FNDA:1,(anonymous_14)
FNDA:1,(anonymous_15)
FNDA:1,(anonymous_16)
FNDA:1,(anonymous_17)
FNDA:1,(anonymous_18)
FNDA:1,(anonymous_19)
FNDA:1,(anonymous_20)
FNDA:1,(anonymous_21)
FNDA:1,(anonymous_22)
FNDA:1,(anonymous_23)
DA:1,5
DA:5,5
DA:6,2
DA:12,2
DA:20,2
DA:23,5
DA:24,1
DA:38,5
DA:39,1
DA:60,5
DA:61,1
DA:77,5
DA:81,1
DA:82,1
DA:92,5
DA:96,1
DA:97,1
DA:108,5
DA:112,1
DA:113,1
DA:124,5
DA:125,1
LF:22
LH:22
BRDA:20,0,0,0
BRDA:20,0,1,2
BRDA:20,1,0,2
BRDA:20,1,1,2
BRF:4
BRH:3
end_of_record
TN:
SF:src\repositories\groupRepository.ts
FN:5,(anonymous_7)
FN:12,(anonymous_8)
FN:46,(anonymous_9)
FN:55,(anonymous_10)
FN:63,(anonymous_11)
FN:69,(anonymous_12)
FN:98,(anonymous_13)
FN:104,(anonymous_14)
FN:165,(anonymous_15)
FN:172,(anonymous_16)
FN:226,(anonymous_17)
FN:228,(anonymous_18)
FN:256,(anonymous_19)
FN:262,(anonymous_20)
FNF:14
FNH:14
FNDA:1,(anonymous_7)
FNDA:1,(anonymous_8)
FNDA:1,(anonymous_9)
FNDA:1,(anonymous_10)
FNDA:4,(anonymous_11)
FNDA:4,(anonymous_12)
FNDA:1,(anonymous_13)
FNDA:1,(anonymous_14)
FNDA:1,(anonymous_15)
FNDA:1,(anonymous_16)
FNDA:1,(anonymous_17)
FNDA:1,(anonymous_18)
FNDA:1,(anonymous_19)
FNDA:1,(anonymous_20)
DA:1,5
DA:2,5
DA:3,5
DA:5,5
DA:12,1
DA:18,1
DA:38,1
DA:45,1
DA:46,1
DA:55,1
DA:60,1
DA:63,5
DA:69,4
DA:74,4
DA:91,4
DA:92,1
DA:95,3
DA:98,5
DA:104,1
DA:105,1
DA:106,1
DA:107,0
DA:109,1
DA:110,0
DA:111,0
DA:113,1
DA:114,0
DA:115,0
DA:117,1
DA:118,0
DA:126,1
DA:134,1
DA:145,1
DA:162,1
DA:165,5
DA:172,1
DA:173,1
DA:174,0
DA:180,1
DA:193,1
DA:194,0
DA:197,1
DA:198,1
DA:206,1
DA:214,1
DA:215,0
DA:223,1
DA:226,5
DA:228,1
DA:232,1
DA:244,1
DA:245,0
DA:248,1
DA:253,1
DA:256,5
DA:262,1
DA:263,1
DA:264,0
DA:270,1
DA:272,1
DA:273,0
DA:277,1
DA:281,1
DA:282,0
DA:289,0
DA:292,1
DA:303,1
LF:67
LH:53
BRDA:91,0,0,1
BRDA:91,1,0,4
BRDA:91,1,1,3
BRDA:106,2,0,0
BRDA:109,3,0,0
BRDA:110,4,0,0
BRDA:113,5,0,0
BRDA:113,6,0,1
BRDA:113,6,1,1
BRDA:114,7,0,0
BRDA:117,8,0,0
BRDA:173,9,0,0
BRDA:173,10,0,1
BRDA:173,10,1,0
BRDA:173,10,2,0
BRDA:193,11,0,0
BRDA:193,12,0,1
BRDA:193,12,1,1
BRDA:197,13,0,1
BRDA:197,14,0,1
BRDA:197,14,1,0
BRDA:214,15,0,0
BRDA:214,16,0,1
BRDA:214,16,1,0
BRDA:214,16,2,0
BRDA:244,17,0,0
BRDA:244,18,0,1
BRDA:244,18,1,1
BRDA:263,19,0,0
BRDA:272,20,0,0
BRDA:281,21,0,0
BRF:31
BRH:13
end_of_record
TN:
SF:src\repositories\index.ts
FNF:0
FNH:0
DA:5,3
DA:6,3
DA:7,3
LF:3
LH:3
BRF:0
BRH:0
end_of_record
TN:
SF:src\services\adminService.ts
FN:4,(anonymous_13)
FN:4,(anonymous_14)
FN:13,(anonymous_15)
FN:25,(anonymous_16)
FN:47,(anonymous_17)
FN:54,(anonymous_18)
FNF:6
FNH:0
FNDA:0,(anonymous_13)
FNDA:0,(anonymous_14)
FNDA:0,(anonymous_15)
FNDA:0,(anonymous_16)
FNDA:0,(anonymous_17)
FNDA:0,(anonymous_18)
DA:1,3
DA:2,3
DA:4,3
DA:6,0
DA:8,0
DA:9,0
DA:13,3
DA:25,0
DA:27,0
DA:37,0
DA:39,0
DA:40,0
DA:43,0
DA:47,3
DA:54,0
DA:56,0
DA:61,0
DA:63,0
DA:64,0
DA:71,0
DA:73,0
LF:21
LH:5
BRDA:8,0,0,0
BRDA:39,1,0,0
BRDA:63,2,0,0
BRF:3
BRH:0
end_of_record
TN:
SF:src\services\channelMemberService.ts
FN:9,(anonymous_14)
FN:9,(anonymous_15)
FN:16,(anonymous_16)
FN:16,(anonymous_17)
FN:23,(anonymous_18)
FN:26,(anonymous_19)
FN:33,(anonymous_20)
FN:33,(anonymous_21)
FN:44,(anonymous_22)
FN:44,(anonymous_23)
FN:63,(anonymous_24)
FN:63,(anonymous_25)
FN:76,(anonymous_26)
FN:76,(anonymous_27)
FN:82,(anonymous_28)
FN:86,(anonymous_29)
FN:100,(anonymous_30)
FN:105,(anonymous_31)
FN:148,(anonymous_32)
FN:151,(anonymous_33)
FN:168,(anonymous_34)
FN:172,(anonymous_35)
FNF:22
FNH:0
FNDA:0,(anonymous_14)
FNDA:0,(anonymous_15)
FNDA:0,(anonymous_16)
FNDA:0,(anonymous_17)
FNDA:0,(anonymous_18)
FNDA:0,(anonymous_19)
FNDA:0,(anonymous_20)
FNDA:0,(anonymous_21)
FNDA:0,(anonymous_22)
FNDA:0,(anonymous_23)
FNDA:0,(anonymous_24)
FNDA:0,(anonymous_25)
FNDA:0,(anonymous_26)
FNDA:0,(anonymous_27)
FNDA:0,(anonymous_28)
FNDA:0,(anonymous_29)
FNDA:0,(anonymous_30)
FNDA:0,(anonymous_31)
FNDA:0,(anonymous_32)
FNDA:0,(anonymous_33)
FNDA:0,(anonymous_34)
FNDA:0,(anonymous_35)
DA:1,3
DA:2,3
DA:3,3
DA:5,3
DA:6,3
DA:7,3
DA:9,3
DA:10,0
DA:11,0
DA:12,0
DA:16,3
DA:17,0
DA:18,0
DA:19,0
DA:23,3
DA:26,0
DA:27,0
DA:28,0
DA:29,0
DA:33,3
DA:34,0
DA:38,0
DA:39,0
DA:41,0
DA:44,3
DA:45,0
DA:46,0
DA:50,0
DA:51,0
DA:52,0
DA:58,0
DA:60,0
DA:63,3
DA:64,0
DA:65,0
DA:67,0
DA:71,0
DA:72,0
DA:76,3
DA:78,0
DA:79,0
DA:82,3
DA:86,0
DA:88,0
DA:90,0
DA:93,0
DA:100,3
DA:105,0
DA:107,0
DA:109,0
DA:111,0
DA:116,0
DA:117,0
DA:120,0
DA:125,0
DA:126,0
DA:129,0
DA:130,0
DA:131,0
DA:135,0
DA:136,0
DA:138,0
DA:139,0
DA:141,0
DA:148,3
DA:151,0
DA:152,0
DA:157,0
DA:158,0
DA:161,0
DA:168,3
DA:172,0
DA:173,0
DA:179,0
DA:183,0
DA:184,0
DA:188,0
DA:191,0
LF:78
LH:17
BRDA:11,0,0,0
BRDA:18,1,0,0
BRDA:28,2,0,0
BRDA:38,3,0,0
BRDA:38,4,0,0
BRDA:38,4,1,0
BRDA:50,5,0,0
BRDA:51,6,0,0
BRDA:64,7,0,0
BRDA:71,8,0,0
BRDA:71,9,0,0
BRDA:71,9,1,0
BRDA:71,9,2,0
BRDA:116,10,0,0
BRDA:116,11,0,0
BRDA:116,11,1,0
BRDA:116,11,2,0
BRDA:125,12,0,0
BRDA:130,13,0,0
BRDA:132,14,0,0
BRDA:132,14,1,0
BRDA:135,15,0,0
BRDA:138,16,0,0
BRDA:138,17,0,0
BRDA:138,17,1,0
BRDA:157,18,0,0
BRDA:183,19,0,0
BRF:27
BRH:0
end_of_record
TN:
SF:src\services\chat.ts
FN:31,(anonymous_7)
FN:31,(anonymous_8)
FN:54,(anonymous_9)
FN:54,(anonymous_10)
FN:69,(anonymous_11)
FN:71,(anonymous_12)
FN:71,(anonymous_13)
FN:94,(anonymous_14)
FN:99,(anonymous_15)
FN:99,(anonymous_16)
FN:122,(anonymous_17)
FN:125,(anonymous_18)
FN:128,(anonymous_19)
FN:136,(anonymous_20)
FN:157,(anonymous_21)
FN:160,(anonymous_22)
FN:186,(anonymous_23)
FN:202,(anonymous_24)
FN:205,(anonymous_25)
FN:217,(anonymous_26)
FN:217,(anonymous_27)
FN:223,(anonymous_28)
FN:223,(anonymous_29)
FN:227,(anonymous_30)
FN:230,(anonymous_31)
FN:247,(anonymous_32)
FN:247,(anonymous_33)
FN:276,(anonymous_34)
FN:276,(anonymous_35)
FN:373,(anonymous_36)
FN:373,(anonymous_37)
FN:447,(anonymous_38)
FN:463,(anonymous_39)
FN:500,(anonymous_40)
FN:510,(anonymous_41)
FN:515,(anonymous_42)
FN:533,(anonymous_43)
FN:565,(anonymous_44)
FN:568,(anonymous_45)
FN:603,(anonymous_46)
FN:606,(anonymous_47)
FNF:41
FNH:0
FNDA:0,(anonymous_7)
FNDA:0,(anonymous_8)
FNDA:0,(anonymous_9)
FNDA:0,(anonymous_10)
FNDA:0,(anonymous_11)
FNDA:0,(anonymous_12)
FNDA:0,(anonymous_13)
FNDA:0,(anonymous_14)
FNDA:0,(anonymous_15)
FNDA:0,(anonymous_16)
FNDA:0,(anonymous_17)
FNDA:0,(anonymous_18)
FNDA:0,(anonymous_19)
FNDA:0,(anonymous_20)
FNDA:0,(anonymous_21)
FNDA:0,(anonymous_22)
FNDA:0,(anonymous_23)
FNDA:0,(anonymous_24)
FNDA:0,(anonymous_25)
FNDA:0,(anonymous_26)
FNDA:0,(anonymous_27)
FNDA:0,(anonymous_28)
FNDA:0,(anonymous_29)
FNDA:0,(anonymous_30)
FNDA:0,(anonymous_31)
FNDA:0,(anonymous_32)
FNDA:0,(anonymous_33)
FNDA:0,(anonymous_34)
FNDA:0,(anonymous_35)
FNDA:0,(anonymous_36)
FNDA:0,(anonymous_37)
FNDA:0,(anonymous_38)
FNDA:0,(anonymous_39)
FNDA:0,(anonymous_40)
FNDA:0,(anonymous_41)
FNDA:0,(anonymous_42)
FNDA:0,(anonymous_43)
FNDA:0,(anonymous_44)
FNDA:0,(anonymous_45)
FNDA:0,(anonymous_46)
FNDA:0,(anonymous_47)
DA:1,6
DA:2,6
DA:31,6
DA:32,0
DA:54,6
DA:55,0
DA:68,0
DA:69,0
DA:71,6
DA:72,0
DA:93,0
DA:94,0
DA:99,6
DA:100,0
DA:121,0
DA:122,0
DA:125,6
DA:128,0
DA:129,0
DA:136,0
DA:137,0
DA:147,0
DA:157,6
DA:160,0
DA:161,0
DA:186,0
DA:187,0
DA:196,0
DA:199,0
DA:202,6
DA:205,0
DA:206,0
DA:217,6
DA:218,0
DA:223,6
DA:224,0
DA:227,6
DA:230,0
DA:231,0
DA:242,0
DA:247,6
DA:248,0
DA:249,0
DA:251,0
DA:260,0
DA:261,0
DA:276,6
DA:277,0
DA:362,0
DA:366,0
DA:373,6
DA:374,0
DA:447,0
DA:463,0
DA:464,0
DA:465,0
DA:466,0
DA:472,0
DA:473,0
DA:475,0
DA:481,0
DA:482,0
DA:486,0
DA:487,0
DA:488,0
DA:489,0
DA:490,0
DA:492,0
DA:493,0
DA:495,0
DA:496,0
DA:498,0
DA:500,0
DA:501,0
DA:502,0
DA:503,0
DA:507,0
DA:510,6
DA:515,0
DA:516,0
DA:533,0
DA:534,0
DA:536,0
DA:537,0
DA:540,0
DA:541,0
DA:553,0
DA:554,0
DA:560,0
DA:563,0
DA:565,6
DA:568,0
DA:569,0
DA:599,0
DA:603,6
DA:606,0
DA:607,0
LF:97
LH:18
BRDA:37,0,0,0
BRDA:37,0,1,0
BRDA:248,1,0,0
BRDA:260,2,0,0
BRDA:363,3,0,0
BRDA:363,3,1,0
BRDA:363,4,0,0
BRDA:363,4,1,0
BRDA:363,5,0,0
BRDA:363,5,1,0
BRDA:364,6,0,0
BRDA:364,6,1,0
BRDA:364,7,0,0
BRDA:364,7,1,0
BRDA:364,8,0,0
BRDA:364,8,1,0
BRDA:453,9,0,0
BRDA:453,9,1,0
BRDA:456,10,0,0
BRDA:456,10,1,0
BRDA:459,11,0,0
BRDA:459,11,1,0
BRDA:464,12,0,0
BRDA:464,12,1,0
BRDA:465,13,0,0
BRDA:465,13,1,0
BRDA:468,14,0,0
BRDA:468,14,1,0
BRDA:468,15,0,0
BRDA:468,15,1,0
BRDA:477,16,0,0
BRDA:477,16,1,0
BRDA:477,17,0,0
BRDA:477,17,1,0
BRDA:489,18,0,0
BRDA:492,19,0,0
BRDA:501,20,0,0
BRDA:502,21,0,0
BRDA:534,22,0,0
BRDA:540,23,0,0
BRDA:553,24,0,0
BRF:41
BRH:0
end_of_record
TN:
SF:src\services\groupMemberService.ts
FN:9,(anonymous_14)
FN:12,(anonymous_15)
FN:25,(anonymous_16)
FN:25,(anonymous_17)
FN:36,(anonymous_18)
FN:36,(anonymous_19)
FN:43,(anonymous_20)
FN:43,(anonymous_21)
FN:50,(anonymous_22)
FN:50,(anonymous_23)
FN:60,(anonymous_24)
FN:60,(anonymous_25)
FN:67,(anonymous_26)
FN:67,(anonymous_27)
FN:89,(anonymous_28)
FN:89,(anonymous_29)
FN:94,(anonymous_30)
FN:99,(anonymous_31)
FN:119,(anonymous_32)
FN:124,(anonymous_33)
FN:164,(anonymous_34)
FN:168,(anonymous_35)
FN:194,(anonymous_36)
FN:198,(anonymous_37)
FNF:24
FNH:20
FNDA:3,(anonymous_14)
FNDA:3,(anonymous_15)
FNDA:0,(anonymous_16)
FNDA:0,(anonymous_17)
FNDA:1,(anonymous_18)
FNDA:1,(anonymous_19)
FNDA:6,(anonymous_20)
FNDA:6,(anonymous_21)
FNDA:1,(anonymous_22)
FNDA:1,(anonymous_23)
FNDA:2,(anonymous_24)
FNDA:2,(anonymous_25)
FNDA:2,(anonymous_26)
FNDA:2,(anonymous_27)
FNDA:2,(anonymous_28)
FNDA:2,(anonymous_29)
FNDA:2,(anonymous_30)
FNDA:2,(anonymous_31)
FNDA:0,(anonymous_32)
FNDA:0,(anonymous_33)
FNDA:2,(anonymous_34)
FNDA:2,(anonymous_35)
FNDA:2,(anonymous_36)
FNDA:2,(anonymous_37)
DA:1,3
DA:2,3
DA:3,3
DA:4,3
DA:5,3
DA:7,3
DA:9,3
DA:12,3
DA:13,3
DA:17,3
DA:18,1
DA:20,2
DA:21,1
DA:25,3
DA:26,0
DA:30,0
DA:31,0
DA:33,0
DA:36,3
DA:37,1
DA:38,1
DA:39,0
DA:43,6
DA:44,6
DA:45,6
DA:46,3
DA:50,3
DA:51,1
DA:52,0
DA:54,1
DA:55,1
DA:56,0
DA:60,3
DA:61,2
DA:62,2
DA:63,0
DA:67,3
DA:68,2
DA:70,2
DA:75,2
DA:76,0
DA:77,0
DA:78,0
DA:84,0
DA:86,2
DA:89,3
DA:90,2
DA:91,1
DA:94,3
DA:99,2
DA:101,2
DA:104,1
DA:107,1
DA:110,1
DA:112,1
DA:119,3
DA:124,0
DA:126,0
DA:128,0
DA:130,0
DA:135,0
DA:136,0
DA:139,0
DA:140,0
DA:141,0
DA:144,0
DA:145,0
DA:147,0
DA:148,0
DA:150,0
DA:155,0
DA:157,0
DA:164,3
DA:168,2
DA:170,2
DA:172,1
DA:176,1
DA:177,0
DA:180,1
DA:181,1
DA:182,1
DA:183,0
DA:187,1
DA:194,3
DA:198,2
DA:199,2
DA:205,2
DA:209,2
DA:210,1
DA:214,1
DA:217,1
LF:91
LH:61
BRDA:17,0,0,1
BRDA:17,1,0,3
BRDA:17,1,1,2
BRDA:20,2,0,1
BRDA:30,3,0,0
BRDA:30,4,0,0
BRDA:30,4,1,0
BRDA:38,5,0,0
BRDA:45,6,0,3
BRDA:51,7,0,0
BRDA:55,8,0,0
BRDA:55,9,0,1
BRDA:55,9,1,1
BRDA:55,9,2,1
BRDA:62,10,0,0
BRDA:75,11,0,0
BRDA:76,12,0,0
BRDA:135,13,0,0
BRDA:140,14,0,0
BRDA:142,15,0,0
BRDA:142,15,1,0
BRDA:144,16,0,0
BRDA:147,17,0,0
BRDA:150,18,0,0
BRDA:151,19,0,0
BRDA:151,19,1,0
BRDA:151,19,2,0
BRDA:176,20,0,0
BRDA:180,21,0,1
BRDA:182,22,0,0
BRDA:182,23,0,1
BRDA:182,23,1,1
BRDA:209,24,0,1
BRF:33
BRH:12
end_of_record
TN:
SF:src\services\groupService.ts
FN:7,(anonymous_14)
FN:7,(anonymous_15)
FN:11,generateInviteToken
FN:15,(anonymous_17)
FN:22,(anonymous_18)
FN:26,(anonymous_19)
FN:32,(anonymous_20)
FN:36,(anonymous_21)
FN:42,(anonymous_22)
FN:72,(anonymous_23)
FN:80,(anonymous_24)
FN:85,(anonymous_25)
FN:88,(anonymous_26)
FN:93,(anonymous_27)
FN:99,(anonymous_28)
FNF:15
FNH:9
FNDA:5,(anonymous_14)
FNDA:5,(anonymous_15)
FNDA:2,generateInviteToken
FNDA:0,(anonymous_17)
FNDA:0,(anonymous_18)
FNDA:0,(anonymous_19)
FNDA:0,(anonymous_20)
FNDA:1,(anonymous_21)
FNDA:1,(anonymous_22)
FNDA:2,(anonymous_23)
FNDA:2,(anonymous_24)
FNDA:2,(anonymous_25)
FNDA:2,(anonymous_26)
FNDA:0,(anonymous_27)
FNDA:0,(anonymous_28)
DA:1,3
DA:2,3
DA:3,3
DA:4,3
DA:5,3
DA:7,5
DA:8,5
DA:11,3
DA:12,2
DA:15,3
DA:22,0
DA:23,0
DA:26,3
DA:32,0
DA:33,0
DA:36,3
DA:42,1
DA:43,1
DA:44,1
DA:53,1
DA:55,1
DA:61,1
DA:62,2
DA:69,1
DA:72,3
DA:80,2
DA:81,2
DA:82,1
DA:85,3
DA:88,2
DA:89,2
DA:90,1
DA:93,3
DA:99,0
DA:100,0
LF:35
LH:29
BRF:0
BRH:0
end_of_record
TN:
SF:src\services\index.ts
FNF:0
FNH:0
DA:3,3
DA:4,3
DA:5,3
DA:6,3
DA:7,3
DA:8,3
LF:6
LH:6
BRF:0
BRH:0
end_of_record
TN:
SF:src\sockets\chat.ts
FN:12,(anonymous_0)
FN:15,(anonymous_1)
FN:19,(anonymous_2)
FN:22,(anonymous_3)
FN:25,(anonymous_4)
FN:28,(anonymous_5)
FN:37,(anonymous_6)
FNF:7
FNH:0
FNDA:0,(anonymous_0)
FNDA:0,(anonymous_1)
FNDA:0,(anonymous_2)
FNDA:0,(anonymous_3)
FNDA:0,(anonymous_4)
FNDA:0,(anonymous_5)
FNDA:0,(anonymous_6)
DA:3,6
DA:9,0
DA:10,0
DA:12,0
DA:13,0
DA:16,0
DA:17,0
DA:20,0
DA:23,0
DA:26,0
DA:29,0
DA:30,0
DA:31,0
DA:32,0
DA:33,0
DA:35,0
DA:38,0
DA:39,0
DA:40,0
DA:42,0
DA:45,6
LF:21
LH:2
BRDA:30,0,0,0
BRDA:38,1,0,0
BRDA:39,2,0,0
BRDA:39,2,1,0
BRF:4
BRH:0
end_of_record
TN:
SF:src\sockets\listeners\chatListeners.ts
FN:44,(anonymous_8)
FN:48,(anonymous_9)
FN:75,(anonymous_10)
FN:125,(anonymous_11)
FN:132,(anonymous_12)
FN:135,(anonymous_13)
FN:151,(anonymous_14)
FN:155,(anonymous_15)
FN:194,(anonymous_16)
FN:194,(anonymous_17)
FN:204,(anonymous_18)
FN:204,(anonymous_19)
FN:215,(anonymous_20)
FN:226,(anonymous_21)
FN:226,(anonymous_22)
FN:236,(anonymous_23)
FN:240,(anonymous_24)
FN:248,(anonymous_25)
FN:251,(anonymous_26)
FN:251,(anonymous_27)
FN:257,(anonymous_28)
FN:257,(anonymous_29)
FN:263,(anonymous_30)
FN:263,(anonymous_31)
FN:268,(anonymous_32)
FN:268,(anonymous_33)
FNF:26
FNH:0
FNDA:0,(anonymous_8)
FNDA:0,(anonymous_9)
FNDA:0,(anonymous_10)
FNDA:0,(anonymous_11)
FNDA:0,(anonymous_12)
FNDA:0,(anonymous_13)
FNDA:0,(anonymous_14)
FNDA:0,(anonymous_15)
FNDA:0,(anonymous_16)
FNDA:0,(anonymous_17)
FNDA:0,(anonymous_18)
FNDA:0,(anonymous_19)
FNDA:0,(anonymous_20)
FNDA:0,(anonymous_21)
FNDA:0,(anonymous_22)
FNDA:0,(anonymous_23)
FNDA:0,(anonymous_24)
FNDA:0,(anonymous_25)
FNDA:0,(anonymous_26)
FNDA:0,(anonymous_27)
FNDA:0,(anonymous_28)
FNDA:0,(anonymous_29)
FNDA:0,(anonymous_30)
FNDA:0,(anonymous_31)
FNDA:0,(anonymous_32)
FNDA:0,(anonymous_33)
DA:16,6
DA:20,6
DA:21,6
DA:22,6
DA:23,6
DA:24,6
DA:44,6
DA:48,0
DA:49,0
DA:50,0
DA:51,0
DA:55,0
DA:57,0
DA:59,0
DA:62,0
DA:64,0
DA:68,0
DA:74,0
DA:75,0
DA:79,0
DA:80,0
DA:81,0
DA:87,0
DA:88,0
DA:89,0
DA:93,0
DA:97,0
DA:100,0
DA:101,0
DA:102,0
DA:103,0
DA:109,0
DA:110,0
DA:116,0
DA:122,0
DA:123,0
DA:124,0
DA:126,0
DA:132,6
DA:135,0
DA:137,0
DA:138,0
DA:139,0
DA:140,0
DA:142,0
DA:143,0
DA:144,0
DA:146,0
DA:151,6
DA:155,0
DA:157,0
DA:158,0
DA:159,0
DA:160,0
DA:161,0
DA:162,0
DA:165,0
DA:166,0
DA:167,0
DA:169,0
DA:170,0
DA:171,0
DA:173,0
DA:176,0
DA:177,0
DA:181,0
DA:182,0
DA:186,0
DA:188,0
DA:194,6
DA:196,0
DA:198,0
DA:204,6
DA:206,0
DA:208,0
DA:209,0
DA:210,0
DA:211,0
DA:212,0
DA:213,0
DA:215,0
DA:217,0
DA:219,0
DA:220,0
DA:222,0
DA:226,6
DA:227,0
DA:232,0
DA:236,6
DA:240,0
DA:242,0
DA:248,6
DA:249,0
DA:251,0
DA:252,0
DA:255,0
DA:257,0
DA:258,0
DA:261,0
DA:263,0
DA:264,0
DA:267,0
DA:268,0
DA:269,0
DA:270,0
LF:105
LH:14
BRDA:49,0,0,0
BRDA:50,1,0,0
BRDA:57,2,0,0
BRDA:64,3,0,0
BRDA:74,4,0,0
BRDA:74,4,1,0
BRDA:87,5,0,0
BRDA:87,5,1,0
BRDA:101,6,0,0
BRDA:109,7,0,0
BRDA:123,8,0,0
BRDA:138,9,0,0
BRDA:139,10,0,0
BRDA:143,11,0,0
BRDA:159,12,0,0
BRDA:160,13,0,0
BRDA:165,14,0,0
BRDA:166,15,0,0
BRDA:169,16,0,0
BRDA:169,16,1,0
BRDA:181,17,0,0
BRF:21
BRH:0
end_of_record
TN:
SF:src\third_party_services\Firebase.ts
FN:11,(anonymous_7)
FN:13,(anonymous_8)
FN:38,(anonymous_9)
FN:40,(anonymous_10)
FNF:4
FNH:0
FNDA:0,(anonymous_7)
FNDA:0,(anonymous_8)
FNDA:0,(anonymous_9)
FNDA:0,(anonymous_10)
DA:1,6
DA:8,6
DA:9,6
DA:11,6
DA:13,0
DA:14,0
DA:15,0
DA:16,0
DA:19,0
DA:20,0
DA:22,0
DA:23,0
DA:25,0
DA:26,0
DA:28,0
DA:29,0
DA:31,0
DA:33,0
DA:34,0
DA:38,6
DA:40,0
DA:41,0
DA:43,0
DA:45,0
DA:47,0
DA:48,0
DA:50,0
LF:27
LH:5
BRF:0
BRH:0
end_of_record
TN:
SF:src\third_party_services\index.ts
FNF:0
FNH:0
DA:2,6
LF:1
LH:1
BRF:0
BRH:0
end_of_record
TN:
SF:src\utility\CatchAsync.ts
FN:5,(anonymous_7)
FN:8,(anonymous_8)
FN:8,(anonymous_9)
FNF:3
FNH:3
FNDA:11,(anonymous_7)
FNDA:20,(anonymous_8)
FNDA:20,(anonymous_9)
DA:5,8
DA:8,20
DA:9,20
LF:3
LH:3
BRF:0
BRH:0
end_of_record
TN:
SF:src\utility\index.ts
FNF:0
FNH:0
DA:1,8
DA:2,8
LF:2
LH:2
BRF:0
BRH:0
end_of_record
TN:
SF:src\utility\logger.ts
FN:4,(anonymous_0)
FNF:1
FNH:0
FNDA:0,(anonymous_0)
DA:1,6
DA:4,6
DA:5,0
DA:8,6
DA:17,6
DA:23,6
LF:6
LH:5
BRF:0
BRH:0
end_of_record
