TN:
SF:src\controllers\adminController.ts
FN:7,(anonymous_13)
FN:11,(anonymous_14)
FN:34,(anonymous_15)
FN:38,(anonymous_16)
FNF:4
FNH:4
FNDA:3,(anonymous_13)
FNDA:3,(anonymous_14)
FNDA:4,(anonymous_15)
FNDA:4,(anonymous_16)
DA:2,1
DA:3,1
DA:6,1
DA:11,3
DA:12,3
DA:21,3
DA:22,2
DA:33,1
DA:38,4
DA:39,4
DA:40,4
DA:45,4
DA:46,3
LF:13
LH:13
BRF:0
BRH:0
end_of_record
TN:
SF:src\controllers\profileController.ts
FN:7,(anonymous_13)
FN:7,(anonymous_14)
FN:18,(anonymous_15)
FN:18,(anonymous_16)
FN:29,(anonymous_17)
FN:29,(anonymous_18)
FN:39,(anonymous_19)
FN:39,(anonymous_20)
FNF:8
FNH:8
FNDA:1,(anonymous_13)
FNDA:1,(anonymous_14)
FNDA:2,(anonymous_15)
FNDA:2,(anonymous_16)
FNDA:1,(anonymous_17)
FNDA:1,(anonymous_18)
FNDA:1,(anonymous_19)
FNDA:1,(anonymous_20)
DA:3,1
DA:4,1
DA:6,1
DA:7,1
DA:8,1
DA:9,1
DA:17,1
DA:18,2
DA:19,2
DA:20,2
DA:21,1
DA:28,1
DA:29,1
DA:30,1
DA:31,1
DA:38,1
DA:39,1
DA:40,1
DA:41,1
DA:45,1
LF:20
LH:20
BRF:0
BRH:0
end_of_record
TN:
SF:src\repositories\adminRepository.ts
FN:4,(anonymous_8)
FN:14,(anonymous_9)
FN:29,(anonymous_10)
FN:35,(anonymous_11)
FN:47,(anonymous_12)
FN:49,(anonymous_13)
FN:59,(anonymous_14)
FN:66,(anonymous_15)
FNF:8
FNH:8
FNDA:2,(anonymous_8)
FNDA:2,(anonymous_9)
FNDA:2,(anonymous_10)
FNDA:2,(anonymous_11)
FNDA:2,(anonymous_12)
FNDA:2,(anonymous_13)
FNDA:2,(anonymous_14)
FNDA:2,(anonymous_15)
DA:1,3
DA:4,3
DA:14,2
DA:15,2
DA:29,3
DA:35,2
DA:36,2
DA:47,3
DA:49,2
DA:50,2
DA:59,3
DA:66,2
DA:67,2
LF:13
LH:13
BRF:0
BRH:0
end_of_record
TN:
SF:src\repositories\profileRepository.ts
FN:4,(anonymous_7)
FN:4,(anonymous_8)
FN:8,(anonymous_9)
FN:8,(anonymous_10)
FN:30,(anonymous_11)
FN:30,(anonymous_12)
FN:36,(anonymous_13)
FN:36,(anonymous_14)
FNF:8
FNH:8
FNDA:1,(anonymous_7)
FNDA:1,(anonymous_8)
FNDA:1,(anonymous_9)
FNDA:1,(anonymous_10)
FNDA:1,(anonymous_11)
FNDA:1,(anonymous_12)
FNDA:1,(anonymous_13)
FNDA:1,(anonymous_14)
DA:2,3
DA:4,3
DA:5,1
DA:8,3
DA:9,1
DA:30,3
DA:31,1
DA:36,3
DA:37,1
LF:9
LH:9
BRF:0
BRH:0
end_of_record
TN:
SF:src\services\adminService.ts
FN:5,(anonymous_13)
FN:17,(anonymous_14)
FN:43,(anonymous_15)
FN:50,(anonymous_16)
FNF:4
FNH:4
FNDA:3,(anonymous_13)
FNDA:3,(anonymous_14)
FNDA:5,(anonymous_15)
FNDA:5,(anonymous_16)
DA:1,2
DA:2,2
DA:5,2
DA:17,3
DA:19,3
DA:21,3
DA:22,1
DA:33,2
DA:35,2
DA:36,1
DA:39,1
DA:43,2
DA:50,5
DA:52,5
DA:54,5
DA:55,1
DA:62,4
DA:64,4
DA:65,1
DA:72,3
DA:74,2
LF:21
LH:21
BRDA:21,0,0,1
BRDA:35,1,0,1
BRDA:54,2,0,1
BRDA:64,3,0,1
BRF:4
BRH:4
end_of_record
TN:
SF:src\services\profileService.ts
FN:9,(anonymous_13)
FN:14,(anonymous_14)
FN:19,(anonymous_15)
FN:19,(anonymous_16)
FN:23,(anonymous_17)
FN:23,(anonymous_18)
FN:29,(anonymous_19)
FN:29,(anonymous_20)
FN:42,(anonymous_21)
FN:42,(anonymous_22)
FNF:10
FNH:10
FNDA:6,(anonymous_13)
FNDA:4,(anonymous_14)
FNDA:1,(anonymous_15)
FNDA:1,(anonymous_16)
FNDA:2,(anonymous_17)
FNDA:2,(anonymous_18)
FNDA:3,(anonymous_19)
FNDA:3,(anonymous_20)
FNDA:4,(anonymous_21)
FNDA:4,(anonymous_22)
DA:2,2
DA:3,2
DA:9,2
DA:10,6
DA:11,6
DA:14,2
DA:15,4
DA:16,4
DA:19,2
DA:20,1
DA:23,2
DA:24,2
DA:25,2
DA:26,1
DA:29,3
DA:30,3
DA:31,1
DA:33,2
DA:34,1
DA:39,1
DA:42,4
DA:43,4
DA:44,1
DA:46,3
DA:47,1
DA:50,2
DA:51,2
DA:52,1
LF:28
LH:28
BRDA:25,0,0,1
BRDA:30,1,0,1
BRDA:30,2,0,3
BRDA:30,2,1,3
BRDA:33,3,0,1
BRDA:33,4,0,2
BRDA:33,4,1,2
BRDA:43,5,0,1
BRDA:43,6,0,4
BRDA:43,6,1,3
BRDA:46,7,0,1
BRDA:46,8,0,3
BRDA:46,8,1,2
BRDA:51,9,0,1
BRF:14
BRH:14
end_of_record
TN:
SF:src\utility\CatchAsync.ts
FN:3,(anonymous_7)
FN:6,(anonymous_8)
FN:6,(anonymous_9)
FNF:3
FNH:3
FNDA:8,(anonymous_7)
FNDA:14,(anonymous_8)
FNDA:14,(anonymous_9)
DA:3,6
DA:6,14
DA:7,14
LF:3
LH:3
BRF:0
BRH:0
end_of_record
TN:
SF:src\utility\index.ts
FNF:0
FNH:0
DA:1,6
DA:2,6
LF:2
LH:2
BRF:0
BRH:0
end_of_record
